#! /usr/local/Cellar/icarus-verilog/12.0/bin/vvp
:ivl_version "12.0 (stable)";
:ivl_delay_selection "TYPICAL";
:vpi_time_precision + 0;
:vpi_module "/usr/local/Cellar/icarus-verilog/12.0/lib/ivl/system.vpi";
:vpi_module "/usr/local/Cellar/icarus-verilog/12.0/lib/ivl/vhdl_sys.vpi";
:vpi_module "/usr/local/Cellar/icarus-verilog/12.0/lib/ivl/vhdl_textio.vpi";
:vpi_module "/usr/local/Cellar/icarus-verilog/12.0/lib/ivl/v2005_math.vpi";
:vpi_module "/usr/local/Cellar/icarus-verilog/12.0/lib/ivl/va_math.vpi";
:vpi_module "/usr/local/Cellar/icarus-verilog/12.0/lib/ivl/v2009.vpi";
S_0x7fb730a04080 .scope package, "$unit" "$unit" 2 1;
 .timescale 0 0;
S_0x7fb730a041f0 .scope module, "stack_behaviour_tb" "stack_behaviour_tb" 3 10;
 .timescale 0 0;
v0x600000380900_0 .var "CLK", 0 0;
v0x600000380990_0 .var "COMMAND", 1 0;
v0x600000380a20_0 .var "INDEX", 2 0;
v0x600000380ab0_0 .var "INPUT", 3 0;
RS_0x7fb7308320f8 .resolv tri, L_0x6000000801e0, L_0x600000080320;
v0x600000380b40_0 .net8 "IO_DATA", 3 0, RS_0x7fb7308320f8;  2 drivers
v0x600000380bd0_0 .var "RESET", 0 0;
v0x600000380c60_0 .net *"_ivl_1", 0 0, L_0x600000080280;  1 drivers
o0x7fb730832428 .functor BUFZ 4, C4<zzzz>; HiZ drive
; Elide local net with no drivers, v0x600000380cf0_0 name=_ivl_2
L_0x600000080280 .part v0x600000380990_0, 1, 1;
L_0x600000080320 .functor MUXZ 4, v0x600000380ab0_0, o0x7fb730832428, L_0x600000080280, C4<>;
S_0x7fb730a04360 .scope module, "stack" "stack_behaviour_normal" 3 19, 4 2 0, S_0x7fb730a041f0;
 .timescale 0 0;
    .port_info 0 /INPUT 4 "IO_DATA";
    .port_info 1 /INPUT 1 "RESET";
    .port_info 2 /INPUT 1 "CLK";
    .port_info 3 /INPUT 2 "COMMAND";
    .port_info 4 /INPUT 3 "INDEX";
v0x600000380120_0 .net "CLK", 0 0, v0x600000380900_0;  1 drivers
v0x6000003801b0_0 .net "COMMAND", 1 0, v0x600000380990_0;  1 drivers
v0x600000380240_0 .net "INDEX", 2 0, v0x600000380a20_0;  1 drivers
v0x6000003802d0_0 .net8 "IO_DATA", 3 0, RS_0x7fb7308320f8;  alias, 2 drivers
v0x600000380360_0 .net "RESET", 0 0, v0x600000380bd0_0;  1 drivers
v0x6000003803f0_0 .net *"_ivl_1", 0 0, L_0x600000080000;  1 drivers
o0x7fb730832188 .functor BUFZ 4, C4<zzzz>; HiZ drive
; Elide local net with no drivers, v0x600000380480_0 name=_ivl_10
v0x600000380510_0 .net *"_ivl_2", 31 0, L_0x6000000800a0;  1 drivers
L_0x7fb730863008 .functor BUFT 1, C4<0000000000000000000000000000000>, C4<0>, C4<0>, C4<0>;
v0x6000003805a0_0 .net *"_ivl_5", 30 0, L_0x7fb730863008;  1 drivers
L_0x7fb730863050 .functor BUFT 1, C4<00000000000000000000000000000001>, C4<0>, C4<0>, C4<0>;
v0x600000380630_0 .net/2u *"_ivl_6", 31 0, L_0x7fb730863050;  1 drivers
v0x6000003806c0_0 .net *"_ivl_8", 0 0, L_0x600000080140;  1 drivers
v0x600000380750_0 .var "current_index", 2 0;
v0x6000003807e0_0 .var "out_data", 3 0;
v0x600000380870 .array "stack", 0 4, 3 0;
E_0x600002494000/0 .event anyedge, v0x600000380360_0;
E_0x600002494000/1 .event posedge, v0x600000380120_0;
E_0x600002494000 .event/or E_0x600002494000/0, E_0x600002494000/1;
L_0x600000080000 .part v0x600000380990_0, 1, 1;
L_0x6000000800a0 .concat [ 1 31 0 0], L_0x600000080000, L_0x7fb730863008;
L_0x600000080140 .cmp/eq 32, L_0x6000000800a0, L_0x7fb730863050;
L_0x6000000801e0 .functor MUXZ 4, o0x7fb730832188, v0x6000003807e0_0, L_0x600000080140, C4<>;
S_0x7fb730a044d0 .scope begin, "$ivl_for_loop0" "$ivl_for_loop0" 4 15, 4 15 0, S_0x7fb730a04360;
 .timescale 0 0;
v0x600000380000_0 .var/2s "i", 31 0;
S_0x7fb730a04640 .scope begin, "$ivl_for_loop1" "$ivl_for_loop1" 4 24, 4 24 0, S_0x7fb730a04360;
 .timescale 0 0;
v0x600000380090_0 .var/2s "i", 31 0;
    .scope S_0x7fb730a04360;
T_0 ;
    %fork t_1, S_0x7fb730a044d0;
    %jmp t_0;
    .scope S_0x7fb730a044d0;
t_1 ;
    %pushi/vec4 0, 0, 32;
    %store/vec4 v0x600000380000_0, 0, 32;
T_0.0 ;
    %load/vec4 v0x600000380000_0;
    %cmpi/s 5, 0, 32;
    %jmp/0xz T_0.1, 5;
    %pushi/vec4 0, 0, 4;
    %ix/getv/s 4, v0x600000380000_0;
    %store/vec4a v0x600000380870, 4, 0;
    ; show_stmt_assign_vector: Get l-value for compressed += operand
    %load/vec4 v0x600000380000_0;
    %pushi/vec4 1, 0, 32;
    %add;
    %cast2;
    %store/vec4 v0x600000380000_0, 0, 32;
    %jmp T_0.0;
T_0.1 ;
    %end;
    .scope S_0x7fb730a04360;
t_0 %join;
    %pushi/vec4 0, 0, 3;
    %store/vec4 v0x600000380750_0, 0, 3;
    %pushi/vec4 0, 0, 4;
    %store/vec4 v0x6000003807e0_0, 0, 4;
    %end;
    .thread T_0;
    .scope S_0x7fb730a04360;
T_1 ;
    %wait E_0x600002494000;
    %load/vec4 v0x600000380360_0;
    %pad/u 32;
    %cmpi/e 1, 0, 32;
    %jmp/0xz  T_1.0, 4;
    %fork t_3, S_0x7fb730a04640;
    %jmp t_2;
    .scope S_0x7fb730a04640;
t_3 ;
    %pushi/vec4 0, 0, 32;
    %store/vec4 v0x600000380090_0, 0, 32;
T_1.2 ;
    %load/vec4 v0x600000380090_0;
    %cmpi/s 5, 0, 32;
    %jmp/0xz T_1.3, 5;
    %pushi/vec4 0, 0, 4;
    %ix/getv/s 4, v0x600000380090_0;
    %store/vec4a v0x600000380870, 4, 0;
    ; show_stmt_assign_vector: Get l-value for compressed += operand
    %load/vec4 v0x600000380090_0;
    %pushi/vec4 1, 0, 32;
    %add;
    %cast2;
    %store/vec4 v0x600000380090_0, 0, 32;
    %jmp T_1.2;
T_1.3 ;
    %end;
    .scope S_0x7fb730a04360;
t_2 %join;
    %pushi/vec4 0, 0, 3;
    %store/vec4 v0x600000380750_0, 0, 3;
    %pushi/vec4 0, 0, 4;
    %store/vec4 v0x6000003807e0_0, 0, 4;
    %jmp T_1.1;
T_1.0 ;
    %load/vec4 v0x6000003801b0_0;
    %cmpi/e 0, 0, 2;
    %jmp/0xz  T_1.4, 4;
T_1.4 ;
    %load/vec4 v0x6000003801b0_0;
    %cmpi/e 1, 0, 2;
    %jmp/0xz  T_1.6, 4;
    ; show_stmt_assign_vector: Get l-value for compressed += operand
    %load/vec4 v0x600000380750_0;
    %pushi/vec4 1, 0, 3;
    %add;
    %store/vec4 v0x600000380750_0, 0, 3;
    ; show_stmt_assign_vector: Get l-value for compressed %= operand
    %load/vec4 v0x600000380750_0;
    %pushi/vec4 5, 0, 3;
    %mod;
    %store/vec4 v0x600000380750_0, 0, 3;
    %load/vec4 v0x6000003802d0_0;
    %load/vec4 v0x600000380750_0;
    %pad/u 4;
    %ix/vec4 4;
    %store/vec4a v0x600000380870, 4, 0;
T_1.6 ;
    %load/vec4 v0x6000003801b0_0;
    %cmpi/e 2, 0, 2;
    %jmp/0xz  T_1.8, 4;
    %load/vec4 v0x600000380750_0;
    %pad/u 4;
    %ix/vec4 4;
    %load/vec4a v0x600000380870, 4;
    %store/vec4 v0x6000003807e0_0, 0, 4;
    %load/vec4 v0x600000380750_0;
    %cmpi/e 0, 0, 3;
    %jmp/0xz  T_1.10, 4;
    %pushi/vec4 5, 0, 3;
    %store/vec4 v0x600000380750_0, 0, 3;
T_1.10 ;
    ; show_stmt_assign_vector: Get l-value for compressed -= operand
    %load/vec4 v0x600000380750_0;
    %pushi/vec4 1, 0, 3;
    %sub;
    %store/vec4 v0x600000380750_0, 0, 3;
T_1.8 ;
    %load/vec4 v0x6000003801b0_0;
    %cmpi/e 3, 0, 2;
    %jmp/0xz  T_1.12, 4;
    %pushi/vec4 0, 0, 32;
    %load/vec4 v0x600000380750_0;
    %pad/u 32;
    %add;
    %load/vec4 v0x600000380240_0;
    %pad/u 32;
    %add;
    %pushi/vec4 5, 0, 32;
    %mod;
    %ix/vec4 4;
    %load/vec4a v0x600000380870, 4;
    %store/vec4 v0x6000003807e0_0, 0, 4;
T_1.12 ;
T_1.1 ;
    %jmp T_1;
    .thread T_1;
    .scope S_0x7fb730a041f0;
T_2 ;
    %wait E_0x600002494000;
    %delay 1, 0;
    %vpi_func 3 23 "$time" 64 {0 0 0};
    %subi 1, 0, 64;
    %vpi_call/w 3 23 "$display", "%0t\011%b\011%b\011%d\011%d\011 %b", S<0,vec4,u64>, v0x600000380bd0_0, v0x600000380900_0, v0x600000380990_0, v0x600000380a20_0, v0x600000380b40_0 {1 0 0};
    %jmp T_2;
    .thread T_2;
    .scope S_0x7fb730a041f0;
T_3 ;
    %vpi_call/w 3 26 "$display", "check 0" {0 0 0};
    %vpi_call/w 3 27 "$display", " t\011rst\011clk\011cmd\011ind\011 io_data" {0 0 0};
    %pushi/vec4 0, 0, 1;
    %store/vec4 v0x600000380bd0_0, 0, 1;
    %pushi/vec4 0, 0, 1;
    %store/vec4 v0x600000380900_0, 0, 1;
    %pushi/vec4 0, 0, 2;
    %store/vec4 v0x600000380990_0, 0, 2;
    %pushi/vec4 0, 0, 3;
    %store/vec4 v0x600000380a20_0, 0, 3;
    %pushi/vec4 0, 0, 4;
    %store/vec4 v0x600000380ab0_0, 0, 4;
    %delay 2, 0;
    %pushi/vec4 1, 0, 1;
    %store/vec4 v0x600000380900_0, 0, 1;
    %delay 2, 0;
    %pushi/vec4 0, 0, 1;
    %store/vec4 v0x600000380900_0, 0, 1;
    %delay 4, 0;
    %vpi_call/w 3 33 "$display", "check 1" {0 0 0};
    %vpi_call/w 3 34 "$display", " t\011rst\011clk\011cmd\011ind\011 io_data" {0 0 0};
    %delay 1, 0;
    %pushi/vec4 1, 0, 2;
    %assign/vec4 v0x600000380990_0, 0;
    %pushi/vec4 15, 0, 4;
    %assign/vec4 v0x600000380ab0_0, 0;
    %delay 1, 0;
    %pushi/vec4 1, 0, 1;
    %store/vec4 v0x600000380900_0, 0, 1;
    %delay 2, 0;
    %pushi/vec4 0, 0, 1;
    %store/vec4 v0x600000380900_0, 0, 1;
    %delay 1, 0;
    %pushi/vec4 2, 0, 2;
    %assign/vec4 v0x600000380990_0, 0;
    %delay 1, 0;
    %pushi/vec4 1, 0, 1;
    %store/vec4 v0x600000380900_0, 0, 1;
    %delay 2, 0;
    %pushi/vec4 0, 0, 1;
    %store/vec4 v0x600000380900_0, 0, 1;
    %delay 1, 0;
    %pushi/vec4 2, 0, 2;
    %assign/vec4 v0x600000380990_0, 0;
    %delay 1, 0;
    %pushi/vec4 1, 0, 1;
    %store/vec4 v0x600000380900_0, 0, 1;
    %delay 2, 0;
    %pushi/vec4 0, 0, 1;
    %store/vec4 v0x600000380900_0, 0, 1;
    %delay 1, 0;
    %pushi/vec4 2, 0, 2;
    %assign/vec4 v0x600000380990_0, 0;
    %delay 1, 0;
    %pushi/vec4 1, 0, 1;
    %store/vec4 v0x600000380900_0, 0, 1;
    %delay 2, 0;
    %pushi/vec4 0, 0, 1;
    %store/vec4 v0x600000380900_0, 0, 1;
    %delay 1, 0;
    %pushi/vec4 2, 0, 2;
    %assign/vec4 v0x600000380990_0, 0;
    %delay 1, 0;
    %pushi/vec4 1, 0, 1;
    %store/vec4 v0x600000380900_0, 0, 1;
    %delay 2, 0;
    %pushi/vec4 0, 0, 1;
    %store/vec4 v0x600000380900_0, 0, 1;
    %delay 1, 0;
    %pushi/vec4 2, 0, 2;
    %assign/vec4 v0x600000380990_0, 0;
    %delay 1, 0;
    %pushi/vec4 1, 0, 1;
    %store/vec4 v0x600000380900_0, 0, 1;
    %delay 2, 0;
    %pushi/vec4 0, 0, 1;
    %store/vec4 v0x600000380900_0, 0, 1;
    %delay 1, 0;
    %pushi/vec4 2, 0, 2;
    %assign/vec4 v0x600000380990_0, 0;
    %delay 1, 0;
    %pushi/vec4 1, 0, 1;
    %store/vec4 v0x600000380900_0, 0, 1;
    %delay 2, 0;
    %pushi/vec4 0, 0, 1;
    %store/vec4 v0x600000380900_0, 0, 1;
    %delay 4, 0;
    %vpi_call/w 3 64 "$display", "check 2" {0 0 0};
    %vpi_call/w 3 65 "$display", " t\011rst\011clk\011cmd\011ind\011 io_data" {0 0 0};
    %delay 1, 0;
    %pushi/vec4 1, 0, 2;
    %assign/vec4 v0x600000380990_0, 0;
    %pushi/vec4 10, 0, 4;
    %assign/vec4 v0x600000380ab0_0, 0;
    %delay 1, 0;
    %pushi/vec4 1, 0, 1;
    %store/vec4 v0x600000380900_0, 0, 1;
    %delay 2, 0;
    %pushi/vec4 1, 0, 1;
    %store/vec4 v0x600000380bd0_0, 0, 1;
    %delay 2, 0;
    %pushi/vec4 0, 0, 1;
    %store/vec4 v0x600000380bd0_0, 0, 1;
    %delay 2, 0;
    %pushi/vec4 0, 0, 1;
    %store/vec4 v0x600000380900_0, 0, 1;
    %delay 1, 0;
    %pushi/vec4 2, 0, 2;
    %assign/vec4 v0x600000380990_0, 0;
    %delay 1, 0;
    %pushi/vec4 1, 0, 1;
    %store/vec4 v0x600000380900_0, 0, 1;
    %delay 2, 0;
    %pushi/vec4 0, 0, 1;
    %store/vec4 v0x600000380900_0, 0, 1;
    %delay 1, 0;
    %pushi/vec4 2, 0, 2;
    %assign/vec4 v0x600000380990_0, 0;
    %delay 1, 0;
    %pushi/vec4 1, 0, 1;
    %store/vec4 v0x600000380900_0, 0, 1;
    %delay 2, 0;
    %pushi/vec4 0, 0, 1;
    %store/vec4 v0x600000380900_0, 0, 1;
    %delay 1, 0;
    %pushi/vec4 2, 0, 2;
    %assign/vec4 v0x600000380990_0, 0;
    %delay 1, 0;
    %pushi/vec4 1, 0, 1;
    %store/vec4 v0x600000380900_0, 0, 1;
    %delay 2, 0;
    %pushi/vec4 0, 0, 1;
    %store/vec4 v0x600000380900_0, 0, 1;
    %delay 1, 0;
    %pushi/vec4 2, 0, 2;
    %assign/vec4 v0x600000380990_0, 0;
    %delay 1, 0;
    %pushi/vec4 1, 0, 1;
    %store/vec4 v0x600000380900_0, 0, 1;
    %delay 2, 0;
    %pushi/vec4 0, 0, 1;
    %store/vec4 v0x600000380900_0, 0, 1;
    %delay 1, 0;
    %pushi/vec4 2, 0, 2;
    %assign/vec4 v0x600000380990_0, 0;
    %delay 1, 0;
    %pushi/vec4 1, 0, 1;
    %store/vec4 v0x600000380900_0, 0, 1;
    %delay 2, 0;
    %pushi/vec4 0, 0, 1;
    %store/vec4 v0x600000380900_0, 0, 1;
    %delay 4, 0;
    %vpi_call/w 3 95 "$display", "check 3" {0 0 0};
    %vpi_call/w 3 96 "$display", " t\011rst\011clk\011cmd\011ind\011 io_data" {0 0 0};
    %delay 2, 0;
    %pushi/vec4 1, 0, 1;
    %store/vec4 v0x600000380bd0_0, 0, 1;
    %delay 2, 0;
    %pushi/vec4 0, 0, 1;
    %store/vec4 v0x600000380bd0_0, 0, 1;
    %delay 1, 0;
    %pushi/vec4 2, 0, 2;
    %assign/vec4 v0x600000380990_0, 0;
    %delay 1, 0;
    %pushi/vec4 1, 0, 1;
    %store/vec4 v0x600000380900_0, 0, 1;
    %delay 2, 0;
    %pushi/vec4 0, 0, 1;
    %store/vec4 v0x600000380900_0, 0, 1;
    %delay 1, 0;
    %pushi/vec4 2, 0, 2;
    %assign/vec4 v0x600000380990_0, 0;
    %delay 1, 0;
    %pushi/vec4 1, 0, 1;
    %store/vec4 v0x600000380900_0, 0, 1;
    %delay 2, 0;
    %pushi/vec4 0, 0, 1;
    %store/vec4 v0x600000380900_0, 0, 1;
    %delay 1, 0;
    %pushi/vec4 2, 0, 2;
    %assign/vec4 v0x600000380990_0, 0;
    %delay 1, 0;
    %pushi/vec4 1, 0, 1;
    %store/vec4 v0x600000380900_0, 0, 1;
    %delay 2, 0;
    %pushi/vec4 0, 0, 1;
    %store/vec4 v0x600000380900_0, 0, 1;
    %delay 1, 0;
    %pushi/vec4 2, 0, 2;
    %assign/vec4 v0x600000380990_0, 0;
    %delay 1, 0;
    %pushi/vec4 1, 0, 1;
    %store/vec4 v0x600000380900_0, 0, 1;
    %delay 2, 0;
    %pushi/vec4 0, 0, 1;
    %store/vec4 v0x600000380900_0, 0, 1;
    %delay 1, 0;
    %pushi/vec4 2, 0, 2;
    %assign/vec4 v0x600000380990_0, 0;
    %delay 1, 0;
    %pushi/vec4 1, 0, 1;
    %store/vec4 v0x600000380900_0, 0, 1;
    %delay 2, 0;
    %pushi/vec4 0, 0, 1;
    %store/vec4 v0x600000380900_0, 0, 1;
    %delay 4, 0;
    %vpi_call/w 3 121 "$display", "check 4" {0 0 0};
    %vpi_call/w 3 122 "$display", " t\011rst\011clk\011cmd\011ind\011 io_data" {0 0 0};
    %delay 1, 0;
    %pushi/vec4 1, 0, 2;
    %assign/vec4 v0x600000380990_0, 0;
    %pushi/vec4 15, 0, 4;
    %assign/vec4 v0x600000380ab0_0, 0;
    %delay 1, 0;
    %pushi/vec4 1, 0, 1;
    %store/vec4 v0x600000380900_0, 0, 1;
    %delay 2, 0;
    %pushi/vec4 0, 0, 1;
    %store/vec4 v0x600000380900_0, 0, 1;
    %delay 1, 0;
    %pushi/vec4 1, 0, 2;
    %assign/vec4 v0x600000380990_0, 0;
    %pushi/vec4 14, 0, 4;
    %assign/vec4 v0x600000380ab0_0, 0;
    %delay 1, 0;
    %pushi/vec4 1, 0, 1;
    %store/vec4 v0x600000380900_0, 0, 1;
    %delay 2, 0;
    %pushi/vec4 0, 0, 1;
    %store/vec4 v0x600000380900_0, 0, 1;
    %delay 1, 0;
    %pushi/vec4 1, 0, 2;
    %assign/vec4 v0x600000380990_0, 0;
    %pushi/vec4 13, 0, 4;
    %assign/vec4 v0x600000380ab0_0, 0;
    %delay 1, 0;
    %pushi/vec4 1, 0, 1;
    %store/vec4 v0x600000380900_0, 0, 1;
    %delay 2, 0;
    %pushi/vec4 0, 0, 1;
    %store/vec4 v0x600000380900_0, 0, 1;
    %delay 1, 0;
    %pushi/vec4 1, 0, 2;
    %assign/vec4 v0x600000380990_0, 0;
    %pushi/vec4 11, 0, 4;
    %assign/vec4 v0x600000380ab0_0, 0;
    %delay 1, 0;
    %pushi/vec4 1, 0, 1;
    %store/vec4 v0x600000380900_0, 0, 1;
    %delay 2, 0;
    %pushi/vec4 0, 0, 1;
    %store/vec4 v0x600000380900_0, 0, 1;
    %delay 1, 0;
    %pushi/vec4 1, 0, 2;
    %assign/vec4 v0x600000380990_0, 0;
    %pushi/vec4 7, 0, 4;
    %assign/vec4 v0x600000380ab0_0, 0;
    %delay 1, 0;
    %pushi/vec4 1, 0, 1;
    %store/vec4 v0x600000380900_0, 0, 1;
    %delay 2, 0;
    %pushi/vec4 0, 0, 1;
    %store/vec4 v0x600000380900_0, 0, 1;
    %delay 1, 0;
    %pushi/vec4 2, 0, 2;
    %assign/vec4 v0x600000380990_0, 0;
    %delay 1, 0;
    %pushi/vec4 1, 0, 1;
    %store/vec4 v0x600000380900_0, 0, 1;
    %delay 2, 0;
    %pushi/vec4 0, 0, 1;
    %store/vec4 v0x600000380900_0, 0, 1;
    %delay 1, 0;
    %pushi/vec4 2, 0, 2;
    %assign/vec4 v0x600000380990_0, 0;
    %delay 1, 0;
    %pushi/vec4 1, 0, 1;
    %store/vec4 v0x600000380900_0, 0, 1;
    %delay 2, 0;
    %pushi/vec4 0, 0, 1;
    %store/vec4 v0x600000380900_0, 0, 1;
    %delay 1, 0;
    %pushi/vec4 2, 0, 2;
    %assign/vec4 v0x600000380990_0, 0;
    %delay 1, 0;
    %pushi/vec4 1, 0, 1;
    %store/vec4 v0x600000380900_0, 0, 1;
    %delay 2, 0;
    %pushi/vec4 0, 0, 1;
    %store/vec4 v0x600000380900_0, 0, 1;
    %delay 1, 0;
    %pushi/vec4 2, 0, 2;
    %assign/vec4 v0x600000380990_0, 0;
    %delay 1, 0;
    %pushi/vec4 1, 0, 1;
    %store/vec4 v0x600000380900_0, 0, 1;
    %delay 2, 0;
    %pushi/vec4 0, 0, 1;
    %store/vec4 v0x600000380900_0, 0, 1;
    %delay 1, 0;
    %pushi/vec4 2, 0, 2;
    %assign/vec4 v0x600000380990_0, 0;
    %delay 1, 0;
    %pushi/vec4 1, 0, 1;
    %store/vec4 v0x600000380900_0, 0, 1;
    %delay 2, 0;
    %pushi/vec4 0, 0, 1;
    %store/vec4 v0x600000380900_0, 0, 1;
    %delay 1, 0;
    %pushi/vec4 3, 0, 2;
    %assign/vec4 v0x600000380990_0, 0;
    %pushi/vec4 0, 0, 3;
    %assign/vec4 v0x600000380a20_0, 0;
    %delay 1, 0;
    %pushi/vec4 1, 0, 1;
    %store/vec4 v0x600000380900_0, 0, 1;
    %delay 2, 0;
    %pushi/vec4 0, 0, 1;
    %store/vec4 v0x600000380900_0, 0, 1;
    %delay 1, 0;
    %pushi/vec4 3, 0, 2;
    %assign/vec4 v0x600000380990_0, 0;
    %pushi/vec4 1, 0, 3;
    %assign/vec4 v0x600000380a20_0, 0;
    %delay 1, 0;
    %pushi/vec4 1, 0, 1;
    %store/vec4 v0x600000380900_0, 0, 1;
    %delay 2, 0;
    %pushi/vec4 0, 0, 1;
    %store/vec4 v0x600000380900_0, 0, 1;
    %delay 1, 0;
    %pushi/vec4 3, 0, 2;
    %assign/vec4 v0x600000380990_0, 0;
    %pushi/vec4 2, 0, 3;
    %assign/vec4 v0x600000380a20_0, 0;
    %delay 1, 0;
    %pushi/vec4 1, 0, 1;
    %store/vec4 v0x600000380900_0, 0, 1;
    %delay 2, 0;
    %pushi/vec4 0, 0, 1;
    %store/vec4 v0x600000380900_0, 0, 1;
    %delay 1, 0;
    %pushi/vec4 3, 0, 2;
    %assign/vec4 v0x600000380990_0, 0;
    %pushi/vec4 3, 0, 3;
    %assign/vec4 v0x600000380a20_0, 0;
    %delay 1, 0;
    %pushi/vec4 1, 0, 1;
    %store/vec4 v0x600000380900_0, 0, 1;
    %delay 2, 0;
    %pushi/vec4 0, 0, 1;
    %store/vec4 v0x600000380900_0, 0, 1;
    %delay 1, 0;
    %pushi/vec4 3, 0, 2;
    %assign/vec4 v0x600000380990_0, 0;
    %pushi/vec4 4, 0, 3;
    %assign/vec4 v0x600000380a20_0, 0;
    %delay 1, 0;
    %pushi/vec4 1, 0, 1;
    %store/vec4 v0x600000380900_0, 0, 1;
    %delay 2, 0;
    %pushi/vec4 0, 0, 1;
    %store/vec4 v0x600000380900_0, 0, 1;
    %delay 1, 0;
    %pushi/vec4 3, 0, 2;
    %assign/vec4 v0x600000380990_0, 0;
    %pushi/vec4 5, 0, 3;
    %assign/vec4 v0x600000380a20_0, 0;
    %delay 1, 0;
    %pushi/vec4 1, 0, 1;
    %store/vec4 v0x600000380900_0, 0, 1;
    %delay 2, 0;
    %pushi/vec4 0, 0, 1;
    %store/vec4 v0x600000380900_0, 0, 1;
    %delay 1, 0;
    %pushi/vec4 3, 0, 2;
    %assign/vec4 v0x600000380990_0, 0;
    %pushi/vec4 6, 0, 3;
    %assign/vec4 v0x600000380a20_0, 0;
    %delay 1, 0;
    %pushi/vec4 1, 0, 1;
    %store/vec4 v0x600000380900_0, 0, 1;
    %delay 2, 0;
    %pushi/vec4 0, 0, 1;
    %store/vec4 v0x600000380900_0, 0, 1;
    %delay 1, 0;
    %pushi/vec4 3, 0, 2;
    %assign/vec4 v0x600000380990_0, 0;
    %pushi/vec4 7, 0, 3;
    %assign/vec4 v0x600000380a20_0, 0;
    %delay 1, 0;
    %pushi/vec4 1, 0, 1;
    %store/vec4 v0x600000380900_0, 0, 1;
    %delay 2, 0;
    %pushi/vec4 0, 0, 1;
    %store/vec4 v0x600000380900_0, 0, 1;
    %end;
    .thread T_3;
# The file index is used to find the file name in the following table.
:file_names 5;
    "N/A";
    "<interactive>";
    "-";
    "stack_behaviour_tb.sv";
    "./stack_behaviour.sv";
