#! /usr/local/Cellar/icarus-verilog/12.0/bin/vvp
:ivl_version "12.0 (stable)";
:ivl_delay_selection "TYPICAL";
:vpi_time_precision + 0;
:vpi_module "/usr/local/Cellar/icarus-verilog/12.0/lib/ivl/system.vpi";
:vpi_module "/usr/local/Cellar/icarus-verilog/12.0/lib/ivl/vhdl_sys.vpi";
:vpi_module "/usr/local/Cellar/icarus-verilog/12.0/lib/ivl/vhdl_textio.vpi";
:vpi_module "/usr/local/Cellar/icarus-verilog/12.0/lib/ivl/v2005_math.vpi";
:vpi_module "/usr/local/Cellar/icarus-verilog/12.0/lib/ivl/va_math.vpi";
:vpi_module "/usr/local/Cellar/icarus-verilog/12.0/lib/ivl/v2009.vpi";
S_0x7fe30fa04080 .scope package, "$unit" "$unit" 2 1;
 .timescale 0 0;
S_0x7fe30fa09b20 .scope module, "current_index" "current_index" 3 288;
 .timescale 0 0;
    .port_info 0 /INPUT 1 "reset";
    .port_info 1 /INPUT 2 "cmd";
    .port_info 2 /INPUT 1 "sync";
    .port_info 3 /OUTPUT 3 "q";
o0x7fe30f8320f8 .functor BUFZ 1, C4<z>; HiZ drive
L_0x600001dfd490 .functor NOT 1, o0x7fe30f8320f8, C4<0>, C4<0>, C4<0>;
o0x7fe30f8320c8 .functor BUFZ 3, C4<zzz>; HiZ drive
L_0x600001dfe920 .functor BUFZ 3, o0x7fe30f8320c8, C4<000>, C4<000>, C4<000>;
o0x7fe30f832068 .functor BUFZ 2, C4<zz>; HiZ drive
v0x6000004ee370_0 .net "cmd", 1 0, o0x7fe30f832068;  0 drivers
v0x6000004ee400_0 .net "next_idx", 2 0, o0x7fe30f8320c8;  0 drivers
v0x6000004ee490_0 .net "not_sync", 0 0, L_0x600001dfd490;  1 drivers
v0x6000004ee520_0 .net "q", 2 0, L_0x600001dfe920;  1 drivers
o0x7fe30f833148 .functor BUFZ 1, C4<z>; HiZ drive
v0x6000004ee5b0_0 .net "reset", 0 0, o0x7fe30f833148;  0 drivers
v0x6000004ee640_0 .net "sync", 0 0, o0x7fe30f8320f8;  0 drivers
v0x6000004ee6d0_0 .net "trigger1_out", 2 0, L_0x6000007f8820;  1 drivers
v0x6000004ee760_0 .net "trigger2_out", 2 0, L_0x6000007f90e0;  1 drivers
S_0x7fe30fa09530 .scope module, "nxi" "next_index" 3 319, 3 273 0, S_0x7fe30fa09b20;
 .timescale 0 0;
    .port_info 0 /INPUT 2 "cmd";
    .port_info 1 /INPUT 1 "sync";
    .port_info 2 /INPUT 3 "index";
    .port_info 3 /OUTPUT 3 "next_idx";
v0x6000004f6b50_0 .net "c0", 0 0, L_0x6000007f9180;  1 drivers
v0x6000004f6be0_0 .net "c1", 0 0, L_0x6000007f9220;  1 drivers
v0x6000004f6c70_0 .net "cmd", 1 0, o0x7fe30f832068;  alias, 0 drivers
v0x6000004f6d00_0 .net "index", 2 0, L_0x6000007f90e0;  alias, 1 drivers
v0x6000004f6d90_0 .net "next_idx", 2 0, o0x7fe30f8320c8;  alias, 0 drivers
v0x6000004f6e20_0 .net "sync", 0 0, o0x7fe30f8320f8;  alias, 0 drivers
E_0x6000023fbac0 .event anyedge, v0x6000004f6b50_0, v0x6000004f6be0_0, v0x6000004f6c70_0;
L_0x6000007f9180 .part o0x7fe30f832068, 0, 1;
L_0x6000007f9220 .part o0x7fe30f832068, 1, 1;
S_0x7fe30fa07b40 .scope module, "trigger1" "d_3_bits_trigger" 3 301, 3 79 0, S_0x7fe30fa09b20;
 .timescale 0 0;
    .port_info 0 /INPUT 1 "reset";
    .port_info 1 /INPUT 1 "sync";
    .port_info 2 /INPUT 3 "d";
    .port_info 3 /OUTPUT 3 "q";
L_0x7fe30f863008 .functor BUFT 1, C4<0>, C4<0>, C4<0>, C4<0>;
v0x6000004f15f0_0 .net/2u *"_ivl_0", 0 0, L_0x7fe30f863008;  1 drivers
v0x6000004f1680_0 .net *"_ivl_11", 0 0, L_0x6000007f8640;  1 drivers
v0x6000004f1710_0 .net *"_ivl_13", 0 0, L_0x6000007f86e0;  1 drivers
v0x6000004f17a0_0 .net *"_ivl_15", 0 0, L_0x6000007f8780;  1 drivers
v0x6000004f1830_0 .net *"_ivl_3", 0 0, L_0x6000007f8000;  1 drivers
v0x6000004f18c0_0 .net *"_ivl_5", 0 0, L_0x6000007f80a0;  1 drivers
v0x6000004f1950_0 .net *"_ivl_7", 0 0, L_0x6000007f8140;  1 drivers
v0x6000004f19e0_0 .net "d", 2 0, o0x7fe30f8320c8;  alias, 0 drivers
v0x6000004f1a70_0 .net "extend_d", 3 0, L_0x6000007f81e0;  1 drivers
v0x6000004f1b00_0 .net "extend_q", 3 0, L_0x6000007f85a0;  1 drivers
v0x6000004f1b90_0 .net "q", 2 0, L_0x6000007f8820;  alias, 1 drivers
v0x6000004f1c20_0 .net "reset", 0 0, o0x7fe30f833148;  alias, 0 drivers
v0x6000004f1cb0_0 .net "sync", 0 0, o0x7fe30f8320f8;  alias, 0 drivers
L_0x6000007f8000 .part o0x7fe30f8320c8, 2, 1;
L_0x6000007f80a0 .part o0x7fe30f8320c8, 1, 1;
L_0x6000007f8140 .part o0x7fe30f8320c8, 0, 1;
L_0x6000007f81e0 .concat [ 1 1 1 1], L_0x6000007f8140, L_0x6000007f80a0, L_0x6000007f8000, L_0x7fe30f863008;
L_0x6000007f8640 .part L_0x6000007f85a0, 2, 1;
L_0x6000007f86e0 .part L_0x6000007f85a0, 1, 1;
L_0x6000007f8780 .part L_0x6000007f85a0, 0, 1;
L_0x6000007f8820 .concat [ 1 1 1 0], L_0x6000007f8780, L_0x6000007f86e0, L_0x6000007f8640;
S_0x7fe30fa07cb0 .scope module, "trigger" "d_4_bits_trigger" 3 87, 3 44 0, S_0x7fe30fa07b40;
 .timescale 0 0;
    .port_info 0 /INPUT 1 "reset";
    .port_info 1 /INPUT 1 "sync";
    .port_info 2 /INPUT 4 "d";
    .port_info 3 /OUTPUT 4 "q";
L_0x600001dfd500 .functor OR 1, o0x7fe30f833148, o0x7fe30f8320f8, C4<0>, C4<0>;
L_0x600001dfd570 .functor NOT 1, o0x7fe30f833148, C4<0>, C4<0>, C4<0>;
L_0x600001dfd5e0 .functor AND 4, L_0x6000007f81e0, L_0x6000007f8280, C4<1111>, C4<1111>;
v0x6000004f1170_0 .net "d", 3 0, L_0x6000007f81e0;  alias, 1 drivers
v0x6000004f1200_0 .net "extend_reset", 3 0, L_0x6000007f8280;  1 drivers
v0x6000004f1290_0 .net "new_d", 3 0, L_0x600001dfd5e0;  1 drivers
v0x6000004f1320_0 .net "new_sync", 0 0, L_0x600001dfd500;  1 drivers
v0x6000004f13b0_0 .net "not_reset", 0 0, L_0x600001dfd570;  1 drivers
v0x6000004f1440_0 .net "q", 3 0, L_0x6000007f85a0;  alias, 1 drivers
v0x6000004f14d0_0 .net "reset", 0 0, o0x7fe30f833148;  alias, 0 drivers
v0x6000004f1560_0 .net "sync", 0 0, o0x7fe30f8320f8;  alias, 0 drivers
L_0x6000007f8280 .concat [ 1 1 1 1], L_0x600001dfd570, L_0x600001dfd570, L_0x600001dfd570, L_0x600001dfd570;
L_0x6000007f8320 .part L_0x600001dfd5e0, 0, 1;
L_0x6000007f83c0 .part L_0x600001dfd5e0, 1, 1;
L_0x6000007f8460 .part L_0x600001dfd5e0, 2, 1;
L_0x6000007f8500 .part L_0x600001dfd5e0, 3, 1;
L_0x6000007f85a0 .concat8 [ 1 1 1 1], L_0x600001dfd7a0, L_0x600001dfd9d0, L_0x600001dfdc00, L_0x600001dfde30;
S_0x7fe30fa07e20 .scope module, "d0" "d_trigger" 3 66, 3 28 0, S_0x7fe30fa07cb0;
 .timescale 0 0;
    .port_info 0 /INPUT 1 "d";
    .port_info 1 /INPUT 1 "sync";
    .port_info 2 /OUTPUT 1 "q";
    .port_info 3 /OUTPUT 1 "neg_q";
L_0x600001dfd650 .functor NOT 1, L_0x6000007f8320, C4<0>, C4<0>, C4<0>;
v0x6000004f74e0_0 .net "d", 0 0, L_0x6000007f8320;  1 drivers
v0x6000004f7570_0 .net "neg_q", 0 0, L_0x600001dfd810;  1 drivers
v0x6000004f7600_0 .net "not_d", 0 0, L_0x600001dfd650;  1 drivers
v0x6000004f7690_0 .net "q", 0 0, L_0x600001dfd7a0;  1 drivers
v0x6000004f7720_0 .net "sync", 0 0, L_0x600001dfd500;  alias, 1 drivers
S_0x7fe30fa07f90 .scope module, "sync_inst" "sync_rs_trigger" 3 38, 3 12 0, S_0x7fe30fa07e20;
 .timescale 0 0;
    .port_info 0 /INPUT 1 "r";
    .port_info 1 /INPUT 1 "sync";
    .port_info 2 /INPUT 1 "s";
    .port_info 3 /OUTPUT 1 "q";
    .port_info 4 /OUTPUT 1 "neg_q";
L_0x600001dfd6c0 .functor AND 1, L_0x600001dfd650, L_0x600001dfd500, C4<1>, C4<1>;
L_0x600001dfd730 .functor AND 1, L_0x6000007f8320, L_0x600001dfd500, C4<1>, C4<1>;
v0x6000004f70f0_0 .net "neg_q", 0 0, L_0x600001dfd810;  alias, 1 drivers
v0x6000004f7180_0 .net "new_r", 0 0, L_0x600001dfd6c0;  1 drivers
v0x6000004f7210_0 .net "new_s", 0 0, L_0x600001dfd730;  1 drivers
v0x6000004f72a0_0 .net "q", 0 0, L_0x600001dfd7a0;  alias, 1 drivers
v0x6000004f7330_0 .net "r", 0 0, L_0x600001dfd650;  alias, 1 drivers
v0x6000004f73c0_0 .net "s", 0 0, L_0x6000007f8320;  alias, 1 drivers
v0x6000004f7450_0 .net "sync", 0 0, L_0x600001dfd500;  alias, 1 drivers
S_0x7fe30fa08100 .scope module, "rs_inst" "rs_trigger" 3 25, 3 1 0, S_0x7fe30fa07f90;
 .timescale 0 0;
    .port_info 0 /INPUT 1 "r";
    .port_info 1 /INPUT 1 "s";
    .port_info 2 /OUTPUT 1 "q";
    .port_info 3 /OUTPUT 1 "neg_q";
L_0x600001dfd7a0 .functor NOR 1, L_0x600001dfd810, L_0x600001dfd6c0, C4<0>, C4<0>;
L_0x600001dfd810 .functor NOR 1, L_0x600001dfd7a0, L_0x600001dfd730, C4<0>, C4<0>;
v0x6000004f6eb0_0 .net "neg_q", 0 0, L_0x600001dfd810;  alias, 1 drivers
v0x6000004f6f40_0 .net "q", 0 0, L_0x600001dfd7a0;  alias, 1 drivers
v0x6000004f6fd0_0 .net "r", 0 0, L_0x600001dfd6c0;  alias, 1 drivers
v0x6000004f7060_0 .net "s", 0 0, L_0x600001dfd730;  alias, 1 drivers
S_0x7fe30fa08270 .scope module, "d1" "d_trigger" 3 68, 3 28 0, S_0x7fe30fa07cb0;
 .timescale 0 0;
    .port_info 0 /INPUT 1 "d";
    .port_info 1 /INPUT 1 "sync";
    .port_info 2 /OUTPUT 1 "q";
    .port_info 3 /OUTPUT 1 "neg_q";
L_0x600001dfd880 .functor NOT 1, L_0x6000007f83c0, C4<0>, C4<0>, C4<0>;
v0x6000004f7de0_0 .net "d", 0 0, L_0x6000007f83c0;  1 drivers
v0x6000004f7e70_0 .net "neg_q", 0 0, L_0x600001dfda40;  1 drivers
v0x6000004f7f00_0 .net "not_d", 0 0, L_0x600001dfd880;  1 drivers
v0x6000004fbf00_0 .net "q", 0 0, L_0x600001dfd9d0;  1 drivers
v0x6000004fba80_0 .net "sync", 0 0, L_0x600001dfd500;  alias, 1 drivers
S_0x7fe30fa083e0 .scope module, "sync_inst" "sync_rs_trigger" 3 38, 3 12 0, S_0x7fe30fa08270;
 .timescale 0 0;
    .port_info 0 /INPUT 1 "r";
    .port_info 1 /INPUT 1 "sync";
    .port_info 2 /INPUT 1 "s";
    .port_info 3 /OUTPUT 1 "q";
    .port_info 4 /OUTPUT 1 "neg_q";
L_0x600001dfd8f0 .functor AND 1, L_0x600001dfd880, L_0x600001dfd500, C4<1>, C4<1>;
L_0x600001dfd960 .functor AND 1, L_0x6000007f83c0, L_0x600001dfd500, C4<1>, C4<1>;
v0x6000004f79f0_0 .net "neg_q", 0 0, L_0x600001dfda40;  alias, 1 drivers
v0x6000004f7a80_0 .net "new_r", 0 0, L_0x600001dfd8f0;  1 drivers
v0x6000004f7b10_0 .net "new_s", 0 0, L_0x600001dfd960;  1 drivers
v0x6000004f7ba0_0 .net "q", 0 0, L_0x600001dfd9d0;  alias, 1 drivers
v0x6000004f7c30_0 .net "r", 0 0, L_0x600001dfd880;  alias, 1 drivers
v0x6000004f7cc0_0 .net "s", 0 0, L_0x6000007f83c0;  alias, 1 drivers
v0x6000004f7d50_0 .net "sync", 0 0, L_0x600001dfd500;  alias, 1 drivers
S_0x7fe30fa08550 .scope module, "rs_inst" "rs_trigger" 3 25, 3 1 0, S_0x7fe30fa083e0;
 .timescale 0 0;
    .port_info 0 /INPUT 1 "r";
    .port_info 1 /INPUT 1 "s";
    .port_info 2 /OUTPUT 1 "q";
    .port_info 3 /OUTPUT 1 "neg_q";
L_0x600001dfd9d0 .functor NOR 1, L_0x600001dfda40, L_0x600001dfd8f0, C4<0>, C4<0>;
L_0x600001dfda40 .functor NOR 1, L_0x600001dfd9d0, L_0x600001dfd960, C4<0>, C4<0>;
v0x6000004f77b0_0 .net "neg_q", 0 0, L_0x600001dfda40;  alias, 1 drivers
v0x6000004f7840_0 .net "q", 0 0, L_0x600001dfd9d0;  alias, 1 drivers
v0x6000004f78d0_0 .net "r", 0 0, L_0x600001dfd8f0;  alias, 1 drivers
v0x6000004f7960_0 .net "s", 0 0, L_0x600001dfd960;  alias, 1 drivers
S_0x7fe30fa05a00 .scope module, "d2" "d_trigger" 3 70, 3 28 0, S_0x7fe30fa07cb0;
 .timescale 0 0;
    .port_info 0 /INPUT 1 "d";
    .port_info 1 /INPUT 1 "sync";
    .port_info 2 /OUTPUT 1 "q";
    .port_info 3 /OUTPUT 1 "neg_q";
L_0x600001dfdab0 .functor NOT 1, L_0x6000007f8460, C4<0>, C4<0>, C4<0>;
v0x6000004f05a0_0 .net "d", 0 0, L_0x6000007f8460;  1 drivers
v0x6000004f0630_0 .net "neg_q", 0 0, L_0x600001dfdc70;  1 drivers
v0x6000004f06c0_0 .net "not_d", 0 0, L_0x600001dfdab0;  1 drivers
v0x6000004f0750_0 .net "q", 0 0, L_0x600001dfdc00;  1 drivers
v0x6000004f07e0_0 .net "sync", 0 0, L_0x600001dfd500;  alias, 1 drivers
S_0x7fe30fa05b70 .scope module, "sync_inst" "sync_rs_trigger" 3 38, 3 12 0, S_0x7fe30fa05a00;
 .timescale 0 0;
    .port_info 0 /INPUT 1 "r";
    .port_info 1 /INPUT 1 "sync";
    .port_info 2 /INPUT 1 "s";
    .port_info 3 /OUTPUT 1 "q";
    .port_info 4 /OUTPUT 1 "neg_q";
L_0x600001dfdb20 .functor AND 1, L_0x600001dfdab0, L_0x600001dfd500, C4<1>, C4<1>;
L_0x600001dfdb90 .functor AND 1, L_0x6000007f8460, L_0x600001dfd500, C4<1>, C4<1>;
v0x6000004f01b0_0 .net "neg_q", 0 0, L_0x600001dfdc70;  alias, 1 drivers
v0x6000004f0240_0 .net "new_r", 0 0, L_0x600001dfdb20;  1 drivers
v0x6000004f02d0_0 .net "new_s", 0 0, L_0x600001dfdb90;  1 drivers
v0x6000004f0360_0 .net "q", 0 0, L_0x600001dfdc00;  alias, 1 drivers
v0x6000004f03f0_0 .net "r", 0 0, L_0x600001dfdab0;  alias, 1 drivers
v0x6000004f0480_0 .net "s", 0 0, L_0x6000007f8460;  alias, 1 drivers
v0x6000004f0510_0 .net "sync", 0 0, L_0x600001dfd500;  alias, 1 drivers
S_0x7fe30fa04b20 .scope module, "rs_inst" "rs_trigger" 3 25, 3 1 0, S_0x7fe30fa05b70;
 .timescale 0 0;
    .port_info 0 /INPUT 1 "r";
    .port_info 1 /INPUT 1 "s";
    .port_info 2 /OUTPUT 1 "q";
    .port_info 3 /OUTPUT 1 "neg_q";
L_0x600001dfdc00 .functor NOR 1, L_0x600001dfdc70, L_0x600001dfdb20, C4<0>, C4<0>;
L_0x600001dfdc70 .functor NOR 1, L_0x600001dfdc00, L_0x600001dfdb90, C4<0>, C4<0>;
v0x6000004fb600_0 .net "neg_q", 0 0, L_0x600001dfdc70;  alias, 1 drivers
v0x6000004f0000_0 .net "q", 0 0, L_0x600001dfdc00;  alias, 1 drivers
v0x6000004f0090_0 .net "r", 0 0, L_0x600001dfdb20;  alias, 1 drivers
v0x6000004f0120_0 .net "s", 0 0, L_0x600001dfdb90;  alias, 1 drivers
S_0x7fe30fa04c90 .scope module, "d3" "d_trigger" 3 72, 3 28 0, S_0x7fe30fa07cb0;
 .timescale 0 0;
    .port_info 0 /INPUT 1 "d";
    .port_info 1 /INPUT 1 "sync";
    .port_info 2 /OUTPUT 1 "q";
    .port_info 3 /OUTPUT 1 "neg_q";
L_0x600001dfdce0 .functor NOT 1, L_0x6000007f8500, C4<0>, C4<0>, C4<0>;
v0x6000004f0ea0_0 .net "d", 0 0, L_0x6000007f8500;  1 drivers
v0x6000004f0f30_0 .net "neg_q", 0 0, L_0x600001dfdea0;  1 drivers
v0x6000004f0fc0_0 .net "not_d", 0 0, L_0x600001dfdce0;  1 drivers
v0x6000004f1050_0 .net "q", 0 0, L_0x600001dfde30;  1 drivers
v0x6000004f10e0_0 .net "sync", 0 0, L_0x600001dfd500;  alias, 1 drivers
S_0x7fe30fa04e00 .scope module, "sync_inst" "sync_rs_trigger" 3 38, 3 12 0, S_0x7fe30fa04c90;
 .timescale 0 0;
    .port_info 0 /INPUT 1 "r";
    .port_info 1 /INPUT 1 "sync";
    .port_info 2 /INPUT 1 "s";
    .port_info 3 /OUTPUT 1 "q";
    .port_info 4 /OUTPUT 1 "neg_q";
L_0x600001dfdd50 .functor AND 1, L_0x600001dfdce0, L_0x600001dfd500, C4<1>, C4<1>;
L_0x600001dfddc0 .functor AND 1, L_0x6000007f8500, L_0x600001dfd500, C4<1>, C4<1>;
v0x6000004f0ab0_0 .net "neg_q", 0 0, L_0x600001dfdea0;  alias, 1 drivers
v0x6000004f0b40_0 .net "new_r", 0 0, L_0x600001dfdd50;  1 drivers
v0x6000004f0bd0_0 .net "new_s", 0 0, L_0x600001dfddc0;  1 drivers
v0x6000004f0c60_0 .net "q", 0 0, L_0x600001dfde30;  alias, 1 drivers
v0x6000004f0cf0_0 .net "r", 0 0, L_0x600001dfdce0;  alias, 1 drivers
v0x6000004f0d80_0 .net "s", 0 0, L_0x6000007f8500;  alias, 1 drivers
v0x6000004f0e10_0 .net "sync", 0 0, L_0x600001dfd500;  alias, 1 drivers
S_0x7fe30fa04f70 .scope module, "rs_inst" "rs_trigger" 3 25, 3 1 0, S_0x7fe30fa04e00;
 .timescale 0 0;
    .port_info 0 /INPUT 1 "r";
    .port_info 1 /INPUT 1 "s";
    .port_info 2 /OUTPUT 1 "q";
    .port_info 3 /OUTPUT 1 "neg_q";
L_0x600001dfde30 .functor NOR 1, L_0x600001dfdea0, L_0x600001dfdd50, C4<0>, C4<0>;
L_0x600001dfdea0 .functor NOR 1, L_0x600001dfde30, L_0x600001dfddc0, C4<0>, C4<0>;
v0x6000004f0870_0 .net "neg_q", 0 0, L_0x600001dfdea0;  alias, 1 drivers
v0x6000004f0900_0 .net "q", 0 0, L_0x600001dfde30;  alias, 1 drivers
v0x6000004f0990_0 .net "r", 0 0, L_0x600001dfdd50;  alias, 1 drivers
v0x6000004f0a20_0 .net "s", 0 0, L_0x600001dfddc0;  alias, 1 drivers
S_0x7fe30fa050e0 .scope module, "trigger2" "d_3_bits_trigger" 3 311, 3 79 0, S_0x7fe30fa09b20;
 .timescale 0 0;
    .port_info 0 /INPUT 1 "reset";
    .port_info 1 /INPUT 1 "sync";
    .port_info 2 /INPUT 3 "d";
    .port_info 3 /OUTPUT 3 "q";
L_0x7fe30f863050 .functor BUFT 1, C4<0>, C4<0>, C4<0>, C4<0>;
v0x6000004edc20_0 .net/2u *"_ivl_0", 0 0, L_0x7fe30f863050;  1 drivers
v0x6000004edcb0_0 .net *"_ivl_11", 0 0, L_0x6000007f8f00;  1 drivers
v0x6000004edd40_0 .net *"_ivl_13", 0 0, L_0x6000007f8fa0;  1 drivers
v0x6000004eddd0_0 .net *"_ivl_15", 0 0, L_0x6000007f9040;  1 drivers
v0x6000004ede60_0 .net *"_ivl_3", 0 0, L_0x6000007f88c0;  1 drivers
v0x6000004edef0_0 .net *"_ivl_5", 0 0, L_0x6000007f8960;  1 drivers
v0x6000004edf80_0 .net *"_ivl_7", 0 0, L_0x6000007f8a00;  1 drivers
v0x6000004ee010_0 .net "d", 2 0, L_0x6000007f8820;  alias, 1 drivers
v0x6000004ee0a0_0 .net "extend_d", 3 0, L_0x6000007f8aa0;  1 drivers
v0x6000004ee130_0 .net "extend_q", 3 0, L_0x6000007f8e60;  1 drivers
v0x6000004ee1c0_0 .net "q", 2 0, L_0x6000007f90e0;  alias, 1 drivers
v0x6000004ee250_0 .net "reset", 0 0, o0x7fe30f833148;  alias, 0 drivers
v0x6000004ee2e0_0 .net "sync", 0 0, L_0x600001dfd490;  alias, 1 drivers
L_0x6000007f88c0 .part L_0x6000007f8820, 2, 1;
L_0x6000007f8960 .part L_0x6000007f8820, 1, 1;
L_0x6000007f8a00 .part L_0x6000007f8820, 0, 1;
L_0x6000007f8aa0 .concat [ 1 1 1 1], L_0x6000007f8a00, L_0x6000007f8960, L_0x6000007f88c0, L_0x7fe30f863050;
L_0x6000007f8f00 .part L_0x6000007f8e60, 2, 1;
L_0x6000007f8fa0 .part L_0x6000007f8e60, 1, 1;
L_0x6000007f9040 .part L_0x6000007f8e60, 0, 1;
L_0x6000007f90e0 .concat [ 1 1 1 0], L_0x6000007f9040, L_0x6000007f8fa0, L_0x6000007f8f00;
S_0x7fe30fa05250 .scope module, "trigger" "d_4_bits_trigger" 3 87, 3 44 0, S_0x7fe30fa050e0;
 .timescale 0 0;
    .port_info 0 /INPUT 1 "reset";
    .port_info 1 /INPUT 1 "sync";
    .port_info 2 /INPUT 4 "d";
    .port_info 3 /OUTPUT 4 "q";
L_0x600001dfdf10 .functor OR 1, o0x7fe30f833148, L_0x600001dfd490, C4<0>, C4<0>;
L_0x600001dfdf80 .functor NOT 1, o0x7fe30f833148, C4<0>, C4<0>, C4<0>;
L_0x600001dfdff0 .functor AND 4, L_0x6000007f8aa0, L_0x6000007f8b40, C4<1111>, C4<1111>;
v0x6000004ed7a0_0 .net "d", 3 0, L_0x6000007f8aa0;  alias, 1 drivers
v0x6000004ed830_0 .net "extend_reset", 3 0, L_0x6000007f8b40;  1 drivers
v0x6000004ed8c0_0 .net "new_d", 3 0, L_0x600001dfdff0;  1 drivers
v0x6000004ed950_0 .net "new_sync", 0 0, L_0x600001dfdf10;  1 drivers
v0x6000004ed9e0_0 .net "not_reset", 0 0, L_0x600001dfdf80;  1 drivers
v0x6000004eda70_0 .net "q", 3 0, L_0x6000007f8e60;  alias, 1 drivers
v0x6000004edb00_0 .net "reset", 0 0, o0x7fe30f833148;  alias, 0 drivers
v0x6000004edb90_0 .net "sync", 0 0, L_0x600001dfd490;  alias, 1 drivers
L_0x6000007f8b40 .concat [ 1 1 1 1], L_0x600001dfdf80, L_0x600001dfdf80, L_0x600001dfdf80, L_0x600001dfdf80;
L_0x6000007f8be0 .part L_0x600001dfdff0, 0, 1;
L_0x6000007f8c80 .part L_0x600001dfdff0, 1, 1;
L_0x6000007f8d20 .part L_0x600001dfdff0, 2, 1;
L_0x6000007f8dc0 .part L_0x600001dfdff0, 3, 1;
L_0x6000007f8e60 .concat8 [ 1 1 1 1], L_0x600001dfe1b0, L_0x600001dfe3e0, L_0x600001dfe610, L_0x600001dfe840;
S_0x7fe30fa053c0 .scope module, "d0" "d_trigger" 3 66, 3 28 0, S_0x7fe30fa05250;
 .timescale 0 0;
    .port_info 0 /INPUT 1 "d";
    .port_info 1 /INPUT 1 "sync";
    .port_info 2 /OUTPUT 1 "q";
    .port_info 3 /OUTPUT 1 "neg_q";
L_0x600001dfe060 .functor NOT 1, L_0x6000007f8be0, C4<0>, C4<0>, C4<0>;
v0x6000004f2370_0 .net "d", 0 0, L_0x6000007f8be0;  1 drivers
v0x6000004f2400_0 .net "neg_q", 0 0, L_0x600001dfe220;  1 drivers
v0x6000004f2490_0 .net "not_d", 0 0, L_0x600001dfe060;  1 drivers
v0x6000004f2520_0 .net "q", 0 0, L_0x600001dfe1b0;  1 drivers
v0x6000004ffc30_0 .net "sync", 0 0, L_0x600001dfdf10;  alias, 1 drivers
S_0x7fe30fa05530 .scope module, "sync_inst" "sync_rs_trigger" 3 38, 3 12 0, S_0x7fe30fa053c0;
 .timescale 0 0;
    .port_info 0 /INPUT 1 "r";
    .port_info 1 /INPUT 1 "sync";
    .port_info 2 /INPUT 1 "s";
    .port_info 3 /OUTPUT 1 "q";
    .port_info 4 /OUTPUT 1 "neg_q";
L_0x600001dfe0d0 .functor AND 1, L_0x600001dfe060, L_0x600001dfdf10, C4<1>, C4<1>;
L_0x600001dfe140 .functor AND 1, L_0x6000007f8be0, L_0x600001dfdf10, C4<1>, C4<1>;
v0x6000004f1f80_0 .net "neg_q", 0 0, L_0x600001dfe220;  alias, 1 drivers
v0x6000004f2010_0 .net "new_r", 0 0, L_0x600001dfe0d0;  1 drivers
v0x6000004f20a0_0 .net "new_s", 0 0, L_0x600001dfe140;  1 drivers
v0x6000004f2130_0 .net "q", 0 0, L_0x600001dfe1b0;  alias, 1 drivers
v0x6000004f21c0_0 .net "r", 0 0, L_0x600001dfe060;  alias, 1 drivers
v0x6000004f2250_0 .net "s", 0 0, L_0x6000007f8be0;  alias, 1 drivers
v0x6000004f22e0_0 .net "sync", 0 0, L_0x600001dfdf10;  alias, 1 drivers
S_0x7fe30fa0a8b0 .scope module, "rs_inst" "rs_trigger" 3 25, 3 1 0, S_0x7fe30fa05530;
 .timescale 0 0;
    .port_info 0 /INPUT 1 "r";
    .port_info 1 /INPUT 1 "s";
    .port_info 2 /OUTPUT 1 "q";
    .port_info 3 /OUTPUT 1 "neg_q";
L_0x600001dfe1b0 .functor NOR 1, L_0x600001dfe220, L_0x600001dfe0d0, C4<0>, C4<0>;
L_0x600001dfe220 .functor NOR 1, L_0x600001dfe1b0, L_0x600001dfe140, C4<0>, C4<0>;
v0x6000004f1d40_0 .net "neg_q", 0 0, L_0x600001dfe220;  alias, 1 drivers
v0x6000004f1dd0_0 .net "q", 0 0, L_0x600001dfe1b0;  alias, 1 drivers
v0x6000004f1e60_0 .net "r", 0 0, L_0x600001dfe0d0;  alias, 1 drivers
v0x6000004f1ef0_0 .net "s", 0 0, L_0x600001dfe140;  alias, 1 drivers
S_0x7fe30ef1b680 .scope module, "d1" "d_trigger" 3 68, 3 28 0, S_0x7fe30fa05250;
 .timescale 0 0;
    .port_info 0 /INPUT 1 "d";
    .port_info 1 /INPUT 1 "sync";
    .port_info 2 /OUTPUT 1 "q";
    .port_info 3 /OUTPUT 1 "neg_q";
L_0x600001dfe290 .functor NOT 1, L_0x6000007f8c80, C4<0>, C4<0>, C4<0>;
v0x6000004ec2d0_0 .net "d", 0 0, L_0x6000007f8c80;  1 drivers
v0x6000004ec360_0 .net "neg_q", 0 0, L_0x600001dfe450;  1 drivers
v0x6000004ec3f0_0 .net "not_d", 0 0, L_0x600001dfe290;  1 drivers
v0x6000004ec480_0 .net "q", 0 0, L_0x600001dfe3e0;  1 drivers
v0x6000004ec510_0 .net "sync", 0 0, L_0x600001dfdf10;  alias, 1 drivers
S_0x7fe30ef1a140 .scope module, "sync_inst" "sync_rs_trigger" 3 38, 3 12 0, S_0x7fe30ef1b680;
 .timescale 0 0;
    .port_info 0 /INPUT 1 "r";
    .port_info 1 /INPUT 1 "sync";
    .port_info 2 /INPUT 1 "s";
    .port_info 3 /OUTPUT 1 "q";
    .port_info 4 /OUTPUT 1 "neg_q";
L_0x600001dfe300 .functor AND 1, L_0x600001dfe290, L_0x600001dfdf10, C4<1>, C4<1>;
L_0x600001dfe370 .functor AND 1, L_0x6000007f8c80, L_0x600001dfdf10, C4<1>, C4<1>;
v0x6000004ffe70_0 .net "neg_q", 0 0, L_0x600001dfe450;  alias, 1 drivers
v0x6000004fff00_0 .net "new_r", 0 0, L_0x600001dfe300;  1 drivers
v0x6000004ec000_0 .net "new_s", 0 0, L_0x600001dfe370;  1 drivers
v0x6000004ec090_0 .net "q", 0 0, L_0x600001dfe3e0;  alias, 1 drivers
v0x6000004ec120_0 .net "r", 0 0, L_0x600001dfe290;  alias, 1 drivers
v0x6000004ec1b0_0 .net "s", 0 0, L_0x6000007f8c80;  alias, 1 drivers
v0x6000004ec240_0 .net "sync", 0 0, L_0x600001dfdf10;  alias, 1 drivers
S_0x7fe30ef18e20 .scope module, "rs_inst" "rs_trigger" 3 25, 3 1 0, S_0x7fe30ef1a140;
 .timescale 0 0;
    .port_info 0 /INPUT 1 "r";
    .port_info 1 /INPUT 1 "s";
    .port_info 2 /OUTPUT 1 "q";
    .port_info 3 /OUTPUT 1 "neg_q";
L_0x600001dfe3e0 .functor NOR 1, L_0x600001dfe450, L_0x600001dfe300, C4<0>, C4<0>;
L_0x600001dfe450 .functor NOR 1, L_0x600001dfe3e0, L_0x600001dfe370, C4<0>, C4<0>;
v0x6000004ff840_0 .net "neg_q", 0 0, L_0x600001dfe450;  alias, 1 drivers
v0x6000004ff450_0 .net "q", 0 0, L_0x600001dfe3e0;  alias, 1 drivers
v0x6000004ffd50_0 .net "r", 0 0, L_0x600001dfe300;  alias, 1 drivers
v0x6000004ffde0_0 .net "s", 0 0, L_0x600001dfe370;  alias, 1 drivers
S_0x7fe30ef17b00 .scope module, "d2" "d_trigger" 3 70, 3 28 0, S_0x7fe30fa05250;
 .timescale 0 0;
    .port_info 0 /INPUT 1 "d";
    .port_info 1 /INPUT 1 "sync";
    .port_info 2 /OUTPUT 1 "q";
    .port_info 3 /OUTPUT 1 "neg_q";
L_0x600001dfe4c0 .functor NOT 1, L_0x6000007f8d20, C4<0>, C4<0>, C4<0>;
v0x6000004ecbd0_0 .net "d", 0 0, L_0x6000007f8d20;  1 drivers
v0x6000004ecc60_0 .net "neg_q", 0 0, L_0x600001dfe680;  1 drivers
v0x6000004eccf0_0 .net "not_d", 0 0, L_0x600001dfe4c0;  1 drivers
v0x6000004ecd80_0 .net "q", 0 0, L_0x600001dfe610;  1 drivers
v0x6000004ece10_0 .net "sync", 0 0, L_0x600001dfdf10;  alias, 1 drivers
S_0x7fe30ef167e0 .scope module, "sync_inst" "sync_rs_trigger" 3 38, 3 12 0, S_0x7fe30ef17b00;
 .timescale 0 0;
    .port_info 0 /INPUT 1 "r";
    .port_info 1 /INPUT 1 "sync";
    .port_info 2 /INPUT 1 "s";
    .port_info 3 /OUTPUT 1 "q";
    .port_info 4 /OUTPUT 1 "neg_q";
L_0x600001dfe530 .functor AND 1, L_0x600001dfe4c0, L_0x600001dfdf10, C4<1>, C4<1>;
L_0x600001dfe5a0 .functor AND 1, L_0x6000007f8d20, L_0x600001dfdf10, C4<1>, C4<1>;
v0x6000004ec7e0_0 .net "neg_q", 0 0, L_0x600001dfe680;  alias, 1 drivers
v0x6000004ec870_0 .net "new_r", 0 0, L_0x600001dfe530;  1 drivers
v0x6000004ec900_0 .net "new_s", 0 0, L_0x600001dfe5a0;  1 drivers
v0x6000004ec990_0 .net "q", 0 0, L_0x600001dfe610;  alias, 1 drivers
v0x6000004eca20_0 .net "r", 0 0, L_0x600001dfe4c0;  alias, 1 drivers
v0x6000004ecab0_0 .net "s", 0 0, L_0x6000007f8d20;  alias, 1 drivers
v0x6000004ecb40_0 .net "sync", 0 0, L_0x600001dfdf10;  alias, 1 drivers
S_0x7fe30ef145e0 .scope module, "rs_inst" "rs_trigger" 3 25, 3 1 0, S_0x7fe30ef167e0;
 .timescale 0 0;
    .port_info 0 /INPUT 1 "r";
    .port_info 1 /INPUT 1 "s";
    .port_info 2 /OUTPUT 1 "q";
    .port_info 3 /OUTPUT 1 "neg_q";
L_0x600001dfe610 .functor NOR 1, L_0x600001dfe680, L_0x600001dfe530, C4<0>, C4<0>;
L_0x600001dfe680 .functor NOR 1, L_0x600001dfe610, L_0x600001dfe5a0, C4<0>, C4<0>;
v0x6000004ec5a0_0 .net "neg_q", 0 0, L_0x600001dfe680;  alias, 1 drivers
v0x6000004ec630_0 .net "q", 0 0, L_0x600001dfe610;  alias, 1 drivers
v0x6000004ec6c0_0 .net "r", 0 0, L_0x600001dfe530;  alias, 1 drivers
v0x6000004ec750_0 .net "s", 0 0, L_0x600001dfe5a0;  alias, 1 drivers
S_0x7fe30ef132c0 .scope module, "d3" "d_trigger" 3 72, 3 28 0, S_0x7fe30fa05250;
 .timescale 0 0;
    .port_info 0 /INPUT 1 "d";
    .port_info 1 /INPUT 1 "sync";
    .port_info 2 /OUTPUT 1 "q";
    .port_info 3 /OUTPUT 1 "neg_q";
L_0x600001dfe6f0 .functor NOT 1, L_0x6000007f8dc0, C4<0>, C4<0>, C4<0>;
v0x6000004ed4d0_0 .net "d", 0 0, L_0x6000007f8dc0;  1 drivers
v0x6000004ed560_0 .net "neg_q", 0 0, L_0x600001dfe8b0;  1 drivers
v0x6000004ed5f0_0 .net "not_d", 0 0, L_0x600001dfe6f0;  1 drivers
v0x6000004ed680_0 .net "q", 0 0, L_0x600001dfe840;  1 drivers
v0x6000004ed710_0 .net "sync", 0 0, L_0x600001dfdf10;  alias, 1 drivers
S_0x7fe30ef11fa0 .scope module, "sync_inst" "sync_rs_trigger" 3 38, 3 12 0, S_0x7fe30ef132c0;
 .timescale 0 0;
    .port_info 0 /INPUT 1 "r";
    .port_info 1 /INPUT 1 "sync";
    .port_info 2 /INPUT 1 "s";
    .port_info 3 /OUTPUT 1 "q";
    .port_info 4 /OUTPUT 1 "neg_q";
L_0x600001dfe760 .functor AND 1, L_0x600001dfe6f0, L_0x600001dfdf10, C4<1>, C4<1>;
L_0x600001dfe7d0 .functor AND 1, L_0x6000007f8dc0, L_0x600001dfdf10, C4<1>, C4<1>;
v0x6000004ed0e0_0 .net "neg_q", 0 0, L_0x600001dfe8b0;  alias, 1 drivers
v0x6000004ed170_0 .net "new_r", 0 0, L_0x600001dfe760;  1 drivers
v0x6000004ed200_0 .net "new_s", 0 0, L_0x600001dfe7d0;  1 drivers
v0x6000004ed290_0 .net "q", 0 0, L_0x600001dfe840;  alias, 1 drivers
v0x6000004ed320_0 .net "r", 0 0, L_0x600001dfe6f0;  alias, 1 drivers
v0x6000004ed3b0_0 .net "s", 0 0, L_0x6000007f8dc0;  alias, 1 drivers
v0x6000004ed440_0 .net "sync", 0 0, L_0x600001dfdf10;  alias, 1 drivers
S_0x7fe30ef10c80 .scope module, "rs_inst" "rs_trigger" 3 25, 3 1 0, S_0x7fe30ef11fa0;
 .timescale 0 0;
    .port_info 0 /INPUT 1 "r";
    .port_info 1 /INPUT 1 "s";
    .port_info 2 /OUTPUT 1 "q";
    .port_info 3 /OUTPUT 1 "neg_q";
L_0x600001dfe840 .functor NOR 1, L_0x600001dfe8b0, L_0x600001dfe760, C4<0>, C4<0>;
L_0x600001dfe8b0 .functor NOR 1, L_0x600001dfe840, L_0x600001dfe7d0, C4<0>, C4<0>;
v0x6000004ecea0_0 .net "neg_q", 0 0, L_0x600001dfe8b0;  alias, 1 drivers
v0x6000004ecf30_0 .net "q", 0 0, L_0x600001dfe840;  alias, 1 drivers
v0x6000004ecfc0_0 .net "r", 0 0, L_0x600001dfe760;  alias, 1 drivers
v0x6000004ed050_0 .net "s", 0 0, L_0x600001dfe7d0;  alias, 1 drivers
S_0x7fe30fa09c90 .scope module, "dec_3_8" "dec_3_8" 3 98;
 .timescale 0 0;
    .port_info 0 /INPUT 3 "a";
    .port_info 1 /OUTPUT 8 "q";
L_0x600001dfe990 .functor NOT 1, L_0x6000007f92c0, C4<0>, C4<0>, C4<0>;
L_0x600001dfea00 .functor NOT 1, L_0x6000007f9360, C4<0>, C4<0>, C4<0>;
L_0x600001dfea70 .functor NOT 1, L_0x6000007f9400, C4<0>, C4<0>, C4<0>;
L_0x600001dfeae0 .functor AND 1, L_0x600001dfe990, L_0x600001dfea00, L_0x600001dfea70, C4<1>;
L_0x600001dfeb50 .functor AND 1, L_0x6000007f94a0, L_0x600001dfea00, L_0x600001dfea70, C4<1>;
L_0x600001dfebc0 .functor AND 1, L_0x600001dfe990, L_0x6000007f9540, L_0x600001dfea70, C4<1>;
L_0x600001dfec30 .functor AND 1, L_0x6000007f95e0, L_0x6000007f9680, L_0x600001dfea70, C4<1>;
o0x7fe30f834c78 .functor BUFZ 1, C4<z>; HiZ drive
L_0x600001dfeca0 .functor AND 1, L_0x600001dfe990, o0x7fe30f834c78, L_0x6000007f9720, C4<1>;
L_0x600001dfed10 .functor AND 1, L_0x6000007f97c0, o0x7fe30f834c78, L_0x6000007f9860, C4<1>;
L_0x600001dfed80 .functor AND 1, L_0x600001dfe990, L_0x6000007f9900, L_0x6000007f99a0, C4<1>;
L_0x600001dfee60 .functor AND 1, L_0x6000007f9ae0, L_0x6000007f9b80, L_0x6000007f9c20, C4<1>;
v0x6000004ee7f0_0 .net *"_ivl_10", 0 0, L_0x600001dfeae0;  1 drivers
v0x6000004ee880_0 .net *"_ivl_13", 0 0, L_0x600001dfeb50;  1 drivers
v0x6000004ee910_0 .net *"_ivl_16", 0 0, L_0x6000007f94a0;  1 drivers
v0x6000004ee9a0_0 .net *"_ivl_18", 0 0, L_0x600001dfebc0;  1 drivers
v0x6000004eea30_0 .net *"_ivl_2", 0 0, L_0x6000007f92c0;  1 drivers
v0x6000004eeac0_0 .net *"_ivl_21", 0 0, L_0x6000007f9540;  1 drivers
v0x6000004eeb50_0 .net *"_ivl_23", 0 0, L_0x600001dfec30;  1 drivers
v0x6000004eebe0_0 .net *"_ivl_26", 0 0, L_0x6000007f95e0;  1 drivers
v0x6000004eec70_0 .net *"_ivl_28", 0 0, L_0x6000007f9680;  1 drivers
v0x6000004eed00_0 .net *"_ivl_30", 0 0, L_0x600001dfeca0;  1 drivers
v0x6000004eed90_0 .net *"_ivl_33", 0 0, L_0x6000007f9720;  1 drivers
v0x6000004eee20_0 .net *"_ivl_35", 0 0, L_0x600001dfed10;  1 drivers
v0x6000004eeeb0_0 .net *"_ivl_38", 0 0, L_0x6000007f97c0;  1 drivers
v0x6000004eef40_0 .net *"_ivl_40", 0 0, L_0x6000007f9860;  1 drivers
v0x6000004eefd0_0 .net *"_ivl_42", 0 0, L_0x600001dfed80;  1 drivers
v0x6000004ef060_0 .net *"_ivl_45", 0 0, L_0x6000007f9900;  1 drivers
v0x6000004ef0f0_0 .net *"_ivl_47", 0 0, L_0x6000007f99a0;  1 drivers
v0x6000004ef180_0 .net *"_ivl_49", 0 0, L_0x600001dfee60;  1 drivers
v0x6000004ef210_0 .net *"_ivl_5", 0 0, L_0x6000007f9360;  1 drivers
v0x6000004ef2a0_0 .net *"_ivl_53", 0 0, L_0x6000007f9ae0;  1 drivers
v0x6000004ef330_0 .net *"_ivl_55", 0 0, L_0x6000007f9b80;  1 drivers
v0x6000004ef3c0_0 .net *"_ivl_57", 0 0, L_0x6000007f9c20;  1 drivers
v0x6000004ef450_0 .net *"_ivl_8", 0 0, L_0x6000007f9400;  1 drivers
o0x7fe30f834c18 .functor BUFZ 3, C4<zzz>; HiZ drive
v0x6000004ef4e0_0 .net "a", 2 0, o0x7fe30f834c18;  0 drivers
v0x6000004ef570_0 .net "not_in0", 0 0, L_0x600001dfe990;  1 drivers
v0x6000004ef600_0 .net "not_in01", 0 0, o0x7fe30f834c78;  0 drivers
v0x6000004ef690_0 .net "not_in1", 0 0, L_0x600001dfea00;  1 drivers
v0x6000004ef720_0 .net "not_in2", 0 0, L_0x600001dfea70;  1 drivers
v0x6000004ef7b0_0 .net "q", 7 0, L_0x6000007f9a40;  1 drivers
L_0x6000007f92c0 .part o0x7fe30f834c18, 0, 1;
L_0x6000007f9360 .part o0x7fe30f834c18, 1, 1;
L_0x6000007f9400 .part o0x7fe30f834c18, 2, 1;
L_0x6000007f94a0 .part o0x7fe30f834c18, 0, 1;
L_0x6000007f9540 .part o0x7fe30f834c18, 1, 1;
L_0x6000007f95e0 .part o0x7fe30f834c18, 0, 1;
L_0x6000007f9680 .part o0x7fe30f834c18, 1, 1;
L_0x6000007f9720 .part o0x7fe30f834c18, 2, 1;
L_0x6000007f97c0 .part o0x7fe30f834c18, 0, 1;
L_0x6000007f9860 .part o0x7fe30f834c18, 2, 1;
L_0x6000007f9900 .part o0x7fe30f834c18, 1, 1;
L_0x6000007f99a0 .part o0x7fe30f834c18, 2, 1;
LS_0x6000007f9a40_0_0 .concat8 [ 1 1 1 1], L_0x600001dfeae0, L_0x600001dfeb50, L_0x600001dfebc0, L_0x600001dfec30;
LS_0x6000007f9a40_0_4 .concat8 [ 1 1 1 1], L_0x600001dfeca0, L_0x600001dfed10, L_0x600001dfed80, L_0x600001dfee60;
L_0x6000007f9a40 .concat8 [ 4 4 0 0], LS_0x6000007f9a40_0_0, LS_0x6000007f9a40_0_4;
L_0x6000007f9ae0 .part o0x7fe30f834c18, 0, 1;
L_0x6000007f9b80 .part o0x7fe30f834c18, 1, 1;
L_0x6000007f9c20 .part o0x7fe30f834c18, 2, 1;
S_0x7fe30fa08f70 .scope module, "four_bit_adder" "four_bit_adder" 3 205;
 .timescale 0 0;
    .port_info 0 /INPUT 4 "a";
    .port_info 1 /INPUT 4 "b";
    .port_info 2 /OUTPUT 5 "s";
v0x6000004ea0a0_0 .net *"_ivl_1", 0 0, L_0x6000007fa1c0;  1 drivers
v0x6000004ea130_0 .net *"_ivl_11", 0 0, L_0x6000007fa4e0;  1 drivers
v0x6000004ea1c0_0 .net *"_ivl_13", 0 0, L_0x6000007fa580;  1 drivers
v0x6000004ea250_0 .net *"_ivl_3", 0 0, L_0x6000007fa260;  1 drivers
v0x6000004ea2e0_0 .net *"_ivl_30", 0 0, L_0x6000007fa940;  1 drivers
v0x6000004ea370_0 .net *"_ivl_32", 0 0, L_0x6000007fa9e0;  1 drivers
v0x6000004ea400_0 .net *"_ivl_34", 0 0, L_0x6000007faa80;  1 drivers
v0x6000004ea490_0 .net *"_ivl_35", 2 0, L_0x6000007fab20;  1 drivers
v0x6000004ea520_0 .net *"_ivl_5", 0 0, L_0x6000007fa300;  1 drivers
v0x6000004ea5b0_0 .net *"_ivl_9", 0 0, L_0x6000007fa440;  1 drivers
o0x7fe30f836058 .functor BUFZ 4, C4<zzzz>; HiZ drive
v0x6000004ea640_0 .net "a", 3 0, o0x7fe30f836058;  0 drivers
o0x7fe30f836088 .functor BUFZ 4, C4<zzzz>; HiZ drive
v0x6000004ea6d0_0 .net "b", 3 0, o0x7fe30f836088;  0 drivers
v0x6000004ea760_0 .net "s", 4 0, L_0x6000007fa8a0;  1 drivers
v0x6000004ea7f0_0 .net "sum", 3 0, L_0x6000007fa120;  1 drivers
L_0x6000007fa1c0 .part o0x7fe30f836058, 2, 1;
L_0x6000007fa260 .part o0x7fe30f836058, 1, 1;
L_0x6000007fa300 .part o0x7fe30f836058, 0, 1;
L_0x6000007fa3a0 .concat [ 1 1 1 0], L_0x6000007fa300, L_0x6000007fa260, L_0x6000007fa1c0;
L_0x6000007fa440 .part o0x7fe30f836088, 2, 1;
L_0x6000007fa4e0 .part o0x7fe30f836088, 1, 1;
L_0x6000007fa580 .part o0x7fe30f836088, 0, 1;
L_0x6000007fa620 .concat [ 1 1 1 0], L_0x6000007fa580, L_0x6000007fa4e0, L_0x6000007fa440;
L_0x6000007fa6c0 .part o0x7fe30f836058, 3, 1;
L_0x6000007fa760 .part o0x7fe30f836088, 3, 1;
L_0x6000007fa800 .part L_0x6000007fa120, 3, 1;
L_0x6000007fa8a0 .concat8 [ 3 1 1 0], L_0x6000007fab20, L_0x600001dff640, L_0x600001dff720;
L_0x6000007fa940 .part L_0x6000007fa120, 2, 1;
L_0x6000007fa9e0 .part L_0x6000007fa120, 1, 1;
L_0x6000007faa80 .part L_0x6000007fa120, 0, 1;
L_0x6000007fab20 .concat [ 1 1 1 0], L_0x6000007faa80, L_0x6000007fa9e0, L_0x6000007fa940;
S_0x7fe30ef24810 .scope module, "FA" "full_adder" 3 219, 3 140 0, S_0x7fe30fa08f70;
 .timescale 0 0;
    .port_info 0 /INPUT 1 "a";
    .port_info 1 /INPUT 1 "b";
    .port_info 2 /INPUT 1 "carry_in";
    .port_info 3 /OUTPUT 1 "sum";
    .port_info 4 /OUTPUT 1 "carry_out";
L_0x600001dff720 .functor OR 1, L_0x600001dff5d0, L_0x600001dff6b0, C4<0>, C4<0>;
v0x6000004efcc0_0 .net "a", 0 0, L_0x6000007fa6c0;  1 drivers
v0x6000004efd50_0 .net "b", 0 0, L_0x6000007fa760;  1 drivers
v0x6000004efde0_0 .net "carry_half1", 0 0, L_0x600001dff5d0;  1 drivers
v0x6000004efe70_0 .net "carry_half2", 0 0, L_0x600001dff6b0;  1 drivers
v0x6000004eff00_0 .net "carry_in", 0 0, L_0x6000007fa800;  1 drivers
v0x6000004e8000_0 .net "carry_out", 0 0, L_0x600001dff720;  1 drivers
v0x6000004e8090_0 .net "sum", 0 0, L_0x600001dff640;  1 drivers
v0x6000004e8120_0 .net "sum_half", 0 0, L_0x600001dff560;  1 drivers
S_0x7fe30ef24980 .scope module, "HA1" "half_adder" 3 151, 3 129 0, S_0x7fe30ef24810;
 .timescale 0 0;
    .port_info 0 /INPUT 1 "a";
    .port_info 1 /INPUT 1 "b";
    .port_info 2 /OUTPUT 1 "sum";
    .port_info 3 /OUTPUT 1 "carry";
L_0x600001dff560 .functor XOR 1, L_0x6000007fa6c0, L_0x6000007fa760, C4<0>, C4<0>;
L_0x600001dff5d0 .functor AND 1, L_0x6000007fa6c0, L_0x6000007fa760, C4<1>, C4<1>;
v0x6000004ef840_0 .net "a", 0 0, L_0x6000007fa6c0;  alias, 1 drivers
v0x6000004ef8d0_0 .net "b", 0 0, L_0x6000007fa760;  alias, 1 drivers
v0x6000004ef960_0 .net "carry", 0 0, L_0x600001dff5d0;  alias, 1 drivers
v0x6000004ef9f0_0 .net "sum", 0 0, L_0x600001dff560;  alias, 1 drivers
S_0x7fe30ef24af0 .scope module, "HA2" "half_adder" 3 157, 3 129 0, S_0x7fe30ef24810;
 .timescale 0 0;
    .port_info 0 /INPUT 1 "a";
    .port_info 1 /INPUT 1 "b";
    .port_info 2 /OUTPUT 1 "sum";
    .port_info 3 /OUTPUT 1 "carry";
L_0x600001dff640 .functor XOR 1, L_0x600001dff560, L_0x6000007fa800, C4<0>, C4<0>;
L_0x600001dff6b0 .functor AND 1, L_0x600001dff560, L_0x6000007fa800, C4<1>, C4<1>;
v0x6000004efa80_0 .net "a", 0 0, L_0x600001dff560;  alias, 1 drivers
v0x6000004efb10_0 .net "b", 0 0, L_0x6000007fa800;  alias, 1 drivers
v0x6000004efba0_0 .net "carry", 0 0, L_0x600001dff6b0;  alias, 1 drivers
v0x6000004efc30_0 .net "sum", 0 0, L_0x600001dff640;  alias, 1 drivers
S_0x7fe30ef24c60 .scope module, "tba" "three_bit_adder" 3 213, 3 168 0, S_0x7fe30fa08f70;
 .timescale 0 0;
    .port_info 0 /INPUT 3 "a";
    .port_info 1 /INPUT 3 "b";
    .port_info 2 /OUTPUT 4 "s";
L_0x600001dff4f0 .functor BUFZ 3, L_0x6000007fa080, C4<000>, C4<000>, C4<000>;
v0x6000004e9cb0_0 .net *"_ivl_27", 2 0, L_0x600001dff4f0;  1 drivers
v0x6000004e9d40_0 .net "a", 2 0, L_0x6000007fa3a0;  1 drivers
v0x6000004e9dd0_0 .net "b", 2 0, L_0x6000007fa620;  1 drivers
v0x6000004e9e60_0 .net "c1", 0 0, L_0x600001dff020;  1 drivers
v0x6000004e9ef0_0 .net "c2", 0 0, L_0x600001dff250;  1 drivers
v0x6000004e9f80_0 .net "s", 3 0, L_0x6000007fa120;  alias, 1 drivers
v0x6000004ea010_0 .net "sum", 2 0, L_0x6000007fa080;  1 drivers
L_0x6000007f9cc0 .part L_0x6000007fa3a0, 0, 1;
L_0x6000007f9d60 .part L_0x6000007fa620, 0, 1;
L_0x6000007f9e00 .part L_0x6000007fa3a0, 1, 1;
L_0x6000007f9ea0 .part L_0x6000007fa620, 1, 1;
L_0x6000007f9f40 .part L_0x6000007fa3a0, 2, 1;
L_0x6000007f9fe0 .part L_0x6000007fa620, 2, 1;
L_0x6000007fa080 .concat8 [ 1 1 1 0], L_0x600001dfef40, L_0x600001dff170, L_0x600001dff3a0;
L_0x6000007fa120 .concat8 [ 3 1 0 0], L_0x600001dff4f0, L_0x600001dff480;
S_0x7fe30ef24dd0 .scope module, "FA0" "full_adder" 3 176, 3 140 0, S_0x7fe30ef24c60;
 .timescale 0 0;
    .port_info 0 /INPUT 1 "a";
    .port_info 1 /INPUT 1 "b";
    .port_info 2 /INPUT 1 "carry_in";
    .port_info 3 /OUTPUT 1 "sum";
    .port_info 4 /OUTPUT 1 "carry_out";
L_0x600001dff020 .functor OR 1, L_0x600001dfeed0, L_0x600001dfefb0, C4<0>, C4<0>;
v0x6000004e8630_0 .net "a", 0 0, L_0x6000007f9cc0;  1 drivers
v0x6000004e86c0_0 .net "b", 0 0, L_0x6000007f9d60;  1 drivers
v0x6000004e8750_0 .net "carry_half1", 0 0, L_0x600001dfeed0;  1 drivers
v0x6000004e87e0_0 .net "carry_half2", 0 0, L_0x600001dfefb0;  1 drivers
L_0x7fe30f863098 .functor BUFT 1, C4<0>, C4<0>, C4<0>, C4<0>;
v0x6000004e8870_0 .net "carry_in", 0 0, L_0x7fe30f863098;  1 drivers
v0x6000004e8900_0 .net "carry_out", 0 0, L_0x600001dff020;  alias, 1 drivers
v0x6000004e8990_0 .net "sum", 0 0, L_0x600001dfef40;  1 drivers
v0x6000004e8a20_0 .net "sum_half", 0 0, L_0x600001dfedf0;  1 drivers
S_0x7fe30ef24f40 .scope module, "HA1" "half_adder" 3 151, 3 129 0, S_0x7fe30ef24dd0;
 .timescale 0 0;
    .port_info 0 /INPUT 1 "a";
    .port_info 1 /INPUT 1 "b";
    .port_info 2 /OUTPUT 1 "sum";
    .port_info 3 /OUTPUT 1 "carry";
L_0x600001dfedf0 .functor XOR 1, L_0x6000007f9cc0, L_0x6000007f9d60, C4<0>, C4<0>;
L_0x600001dfeed0 .functor AND 1, L_0x6000007f9cc0, L_0x6000007f9d60, C4<1>, C4<1>;
v0x6000004e81b0_0 .net "a", 0 0, L_0x6000007f9cc0;  alias, 1 drivers
v0x6000004e8240_0 .net "b", 0 0, L_0x6000007f9d60;  alias, 1 drivers
v0x6000004e82d0_0 .net "carry", 0 0, L_0x600001dfeed0;  alias, 1 drivers
v0x6000004e8360_0 .net "sum", 0 0, L_0x600001dfedf0;  alias, 1 drivers
S_0x7fe30ef06bf0 .scope module, "HA2" "half_adder" 3 157, 3 129 0, S_0x7fe30ef24dd0;
 .timescale 0 0;
    .port_info 0 /INPUT 1 "a";
    .port_info 1 /INPUT 1 "b";
    .port_info 2 /OUTPUT 1 "sum";
    .port_info 3 /OUTPUT 1 "carry";
L_0x600001dfef40 .functor XOR 1, L_0x600001dfedf0, L_0x7fe30f863098, C4<0>, C4<0>;
L_0x600001dfefb0 .functor AND 1, L_0x600001dfedf0, L_0x7fe30f863098, C4<1>, C4<1>;
v0x6000004e83f0_0 .net "a", 0 0, L_0x600001dfedf0;  alias, 1 drivers
v0x6000004e8480_0 .net "b", 0 0, L_0x7fe30f863098;  alias, 1 drivers
v0x6000004e8510_0 .net "carry", 0 0, L_0x600001dfefb0;  alias, 1 drivers
v0x6000004e85a0_0 .net "sum", 0 0, L_0x600001dfef40;  alias, 1 drivers
S_0x7fe30ef06d60 .scope module, "FA1" "full_adder" 3 184, 3 140 0, S_0x7fe30ef24c60;
 .timescale 0 0;
    .port_info 0 /INPUT 1 "a";
    .port_info 1 /INPUT 1 "b";
    .port_info 2 /INPUT 1 "carry_in";
    .port_info 3 /OUTPUT 1 "sum";
    .port_info 4 /OUTPUT 1 "carry_out";
L_0x600001dff250 .functor OR 1, L_0x600001dff100, L_0x600001dff1e0, C4<0>, C4<0>;
v0x6000004e8f30_0 .net "a", 0 0, L_0x6000007f9e00;  1 drivers
v0x6000004e8fc0_0 .net "b", 0 0, L_0x6000007f9ea0;  1 drivers
v0x6000004e9050_0 .net "carry_half1", 0 0, L_0x600001dff100;  1 drivers
v0x6000004e90e0_0 .net "carry_half2", 0 0, L_0x600001dff1e0;  1 drivers
v0x6000004e9170_0 .net "carry_in", 0 0, L_0x600001dff020;  alias, 1 drivers
v0x6000004e9200_0 .net "carry_out", 0 0, L_0x600001dff250;  alias, 1 drivers
v0x6000004e9290_0 .net "sum", 0 0, L_0x600001dff170;  1 drivers
v0x6000004e9320_0 .net "sum_half", 0 0, L_0x600001dff090;  1 drivers
S_0x7fe30ef06ed0 .scope module, "HA1" "half_adder" 3 151, 3 129 0, S_0x7fe30ef06d60;
 .timescale 0 0;
    .port_info 0 /INPUT 1 "a";
    .port_info 1 /INPUT 1 "b";
    .port_info 2 /OUTPUT 1 "sum";
    .port_info 3 /OUTPUT 1 "carry";
L_0x600001dff090 .functor XOR 1, L_0x6000007f9e00, L_0x6000007f9ea0, C4<0>, C4<0>;
L_0x600001dff100 .functor AND 1, L_0x6000007f9e00, L_0x6000007f9ea0, C4<1>, C4<1>;
v0x6000004e8ab0_0 .net "a", 0 0, L_0x6000007f9e00;  alias, 1 drivers
v0x6000004e8b40_0 .net "b", 0 0, L_0x6000007f9ea0;  alias, 1 drivers
v0x6000004e8bd0_0 .net "carry", 0 0, L_0x600001dff100;  alias, 1 drivers
v0x6000004e8c60_0 .net "sum", 0 0, L_0x600001dff090;  alias, 1 drivers
S_0x7fe30ef07040 .scope module, "HA2" "half_adder" 3 157, 3 129 0, S_0x7fe30ef06d60;
 .timescale 0 0;
    .port_info 0 /INPUT 1 "a";
    .port_info 1 /INPUT 1 "b";
    .port_info 2 /OUTPUT 1 "sum";
    .port_info 3 /OUTPUT 1 "carry";
L_0x600001dff170 .functor XOR 1, L_0x600001dff090, L_0x600001dff020, C4<0>, C4<0>;
L_0x600001dff1e0 .functor AND 1, L_0x600001dff090, L_0x600001dff020, C4<1>, C4<1>;
v0x6000004e8cf0_0 .net "a", 0 0, L_0x600001dff090;  alias, 1 drivers
v0x6000004e8d80_0 .net "b", 0 0, L_0x600001dff020;  alias, 1 drivers
v0x6000004e8e10_0 .net "carry", 0 0, L_0x600001dff1e0;  alias, 1 drivers
v0x6000004e8ea0_0 .net "sum", 0 0, L_0x600001dff170;  alias, 1 drivers
S_0x7fe30ef071b0 .scope module, "FA2" "full_adder" 3 192, 3 140 0, S_0x7fe30ef24c60;
 .timescale 0 0;
    .port_info 0 /INPUT 1 "a";
    .port_info 1 /INPUT 1 "b";
    .port_info 2 /INPUT 1 "carry_in";
    .port_info 3 /OUTPUT 1 "sum";
    .port_info 4 /OUTPUT 1 "carry_out";
L_0x600001dff480 .functor OR 1, L_0x600001dff330, L_0x600001dff410, C4<0>, C4<0>;
v0x6000004e9830_0 .net "a", 0 0, L_0x6000007f9f40;  1 drivers
v0x6000004e98c0_0 .net "b", 0 0, L_0x6000007f9fe0;  1 drivers
v0x6000004e9950_0 .net "carry_half1", 0 0, L_0x600001dff330;  1 drivers
v0x6000004e99e0_0 .net "carry_half2", 0 0, L_0x600001dff410;  1 drivers
v0x6000004e9a70_0 .net "carry_in", 0 0, L_0x600001dff250;  alias, 1 drivers
v0x6000004e9b00_0 .net "carry_out", 0 0, L_0x600001dff480;  1 drivers
v0x6000004e9b90_0 .net "sum", 0 0, L_0x600001dff3a0;  1 drivers
v0x6000004e9c20_0 .net "sum_half", 0 0, L_0x600001dff2c0;  1 drivers
S_0x7fe30ef07320 .scope module, "HA1" "half_adder" 3 151, 3 129 0, S_0x7fe30ef071b0;
 .timescale 0 0;
    .port_info 0 /INPUT 1 "a";
    .port_info 1 /INPUT 1 "b";
    .port_info 2 /OUTPUT 1 "sum";
    .port_info 3 /OUTPUT 1 "carry";
L_0x600001dff2c0 .functor XOR 1, L_0x6000007f9f40, L_0x6000007f9fe0, C4<0>, C4<0>;
L_0x600001dff330 .functor AND 1, L_0x6000007f9f40, L_0x6000007f9fe0, C4<1>, C4<1>;
v0x6000004e93b0_0 .net "a", 0 0, L_0x6000007f9f40;  alias, 1 drivers
v0x6000004e9440_0 .net "b", 0 0, L_0x6000007f9fe0;  alias, 1 drivers
v0x6000004e94d0_0 .net "carry", 0 0, L_0x600001dff330;  alias, 1 drivers
v0x6000004e9560_0 .net "sum", 0 0, L_0x600001dff2c0;  alias, 1 drivers
S_0x7fe30ef07490 .scope module, "HA2" "half_adder" 3 157, 3 129 0, S_0x7fe30ef071b0;
 .timescale 0 0;
    .port_info 0 /INPUT 1 "a";
    .port_info 1 /INPUT 1 "b";
    .port_info 2 /OUTPUT 1 "sum";
    .port_info 3 /OUTPUT 1 "carry";
L_0x600001dff3a0 .functor XOR 1, L_0x600001dff2c0, L_0x600001dff250, C4<0>, C4<0>;
L_0x600001dff410 .functor AND 1, L_0x600001dff2c0, L_0x600001dff250, C4<1>, C4<1>;
v0x6000004e95f0_0 .net "a", 0 0, L_0x600001dff2c0;  alias, 1 drivers
v0x6000004e9680_0 .net "b", 0 0, L_0x600001dff250;  alias, 1 drivers
v0x6000004e9710_0 .net "carry", 0 0, L_0x600001dff410;  alias, 1 drivers
v0x6000004e97a0_0 .net "sum", 0 0, L_0x600001dff3a0;  alias, 1 drivers
S_0x7fe30fa090e0 .scope module, "main" "main" 3 630;
 .timescale 0 0;
v0x6000004eabe0_0 .var "cmd", 1 0;
v0x6000004eac70_0 .var "index", 2 0;
o0x7fe30f836238 .functor BUFZ 3, C4<zzz>; HiZ drive
v0x6000004ead00_0 .net "next_idx", 2 0, o0x7fe30f836238;  0 drivers
v0x6000004ead90_0 .var "sync", 0 0;
E_0x6000023fde80 .event anyedge, v0x6000004eab50_0, v0x6000004ea9a0_0, v0x6000004eaac0_0;
S_0x7fe30ef07600 .scope module, "ni" "next_index" 3 637, 3 273 0, S_0x7fe30fa090e0;
 .timescale 0 0;
    .port_info 0 /INPUT 2 "cmd";
    .port_info 1 /INPUT 1 "sync";
    .port_info 2 /INPUT 3 "index";
    .port_info 3 /OUTPUT 3 "next_idx";
v0x6000004ea880_0 .net "c0", 0 0, L_0x6000007fabc0;  1 drivers
v0x6000004ea910_0 .net "c1", 0 0, L_0x6000007fac60;  1 drivers
v0x6000004ea9a0_0 .net "cmd", 1 0, v0x6000004eabe0_0;  1 drivers
v0x6000004eaa30_0 .net "index", 2 0, v0x6000004eac70_0;  1 drivers
v0x6000004eaac0_0 .net "next_idx", 2 0, o0x7fe30f836238;  alias, 0 drivers
v0x6000004eab50_0 .net "sync", 0 0, v0x6000004ead90_0;  1 drivers
E_0x6000023fdec0 .event anyedge, v0x6000004ea880_0, v0x6000004ea910_0, v0x6000004ea9a0_0;
L_0x6000007fabc0 .part v0x6000004eabe0_0, 0, 1;
L_0x6000007fac60 .part v0x6000004eabe0_0, 1, 1;
S_0x7fe30fa09250 .scope module, "mod5" "mod5" 3 242;
 .timescale 0 0;
    .port_info 0 /INPUT 4 "a";
    .port_info 1 /OUTPUT 3 "q";
o0x7fe30f836358 .functor BUFZ 4, C4<zzzz>; HiZ drive
v0x6000004eae20_0 .net "a", 3 0, o0x7fe30f836358;  0 drivers
v0x6000004eaeb0_0 .var "q", 2 0;
E_0x6000023fdf40 .event anyedge, v0x6000004eae20_0;
S_0x7fe30fa093c0 .scope module, "slow" "slow" 3 506;
 .timescale 0 0;
    .port_info 0 /INPUT 1 "a";
    .port_info 1 /OUTPUT 1 "q";
o0x7fe30f836418 .functor BUFZ 1, C4<z>; HiZ drive
L_0x600001dff790 .functor NOT 1, o0x7fe30f836418, C4<0>, C4<0>, C4<0>;
L_0x600001dff800 .functor NOT 1, L_0x600001dff790, C4<0>, C4<0>, C4<0>;
L_0x600001dff870 .functor NOT 1, L_0x600001dff800, C4<0>, C4<0>, C4<0>;
L_0x600001dff8e0 .functor NOT 1, L_0x600001dff870, C4<0>, C4<0>, C4<0>;
L_0x600001dff950 .functor NOT 1, L_0x600001dff8e0, C4<0>, C4<0>, C4<0>;
L_0x600001dff9c0 .functor NOT 1, L_0x600001dff950, C4<0>, C4<0>, C4<0>;
L_0x600001dffa30 .functor NOT 1, L_0x600001dff9c0, C4<0>, C4<0>, C4<0>;
L_0x600001dffaa0 .functor NOT 1, L_0x600001dffa30, C4<0>, C4<0>, C4<0>;
L_0x600001dffb10 .functor NOT 1, L_0x600001dffaa0, C4<0>, C4<0>, C4<0>;
L_0x600001dffb80 .functor NOT 1, L_0x600001dffb10, C4<0>, C4<0>, C4<0>;
L_0x600001dffbf0 .functor NOT 1, L_0x600001dffb80, C4<0>, C4<0>, C4<0>;
L_0x600001dffc60 .functor NOT 1, L_0x600001dffbf0, C4<0>, C4<0>, C4<0>;
L_0x600001dffcd0 .functor NOT 1, L_0x600001dffc60, C4<0>, C4<0>, C4<0>;
L_0x600001dffdb0 .functor NOT 1, L_0x600001dffcd0, C4<0>, C4<0>, C4<0>;
L_0x600001dffe20 .functor NOT 1, L_0x600001dffdb0, C4<0>, C4<0>, C4<0>;
L_0x600001dffd40 .functor NOT 1, L_0x600001dffe20, C4<0>, C4<0>, C4<0>;
L_0x600001dffe90 .functor NOT 1, L_0x600001dffd40, C4<0>, C4<0>, C4<0>;
L_0x600001dfff00 .functor NOT 1, L_0x600001dffe90, C4<0>, C4<0>, C4<0>;
L_0x600001dfff70 .functor NOT 1, L_0x600001dfff00, C4<0>, C4<0>, C4<0>;
L_0x600001dec000 .functor NOT 1, L_0x600001dfff70, C4<0>, C4<0>, C4<0>;
L_0x600001dec070 .functor NOT 1, L_0x600001dec000, C4<0>, C4<0>, C4<0>;
L_0x600001dec0e0 .functor NOT 1, L_0x600001dec070, C4<0>, C4<0>, C4<0>;
L_0x600001dec150 .functor NOT 1, L_0x600001dec0e0, C4<0>, C4<0>, C4<0>;
L_0x600001dec1c0 .functor NOT 1, L_0x600001dec150, C4<0>, C4<0>, C4<0>;
L_0x600001dec230 .functor NOT 1, L_0x600001dec1c0, C4<0>, C4<0>, C4<0>;
L_0x600001dec2a0 .functor NOT 1, L_0x600001dec230, C4<0>, C4<0>, C4<0>;
L_0x600001dec310 .functor NOT 1, L_0x600001dec2a0, C4<0>, C4<0>, C4<0>;
L_0x600001dec380 .functor NOT 1, L_0x600001dec310, C4<0>, C4<0>, C4<0>;
L_0x600001dec3f0 .functor NOT 1, L_0x600001dec380, C4<0>, C4<0>, C4<0>;
L_0x600001dec460 .functor NOT 1, L_0x600001dec3f0, C4<0>, C4<0>, C4<0>;
L_0x600001dec4d0 .functor NOT 1, L_0x600001dec460, C4<0>, C4<0>, C4<0>;
L_0x600001dec540 .functor NOT 1, L_0x600001dec4d0, C4<0>, C4<0>, C4<0>;
L_0x600001dec5b0 .functor NOT 1, L_0x600001dec540, C4<0>, C4<0>, C4<0>;
L_0x600001dec620 .functor NOT 1, L_0x600001dec5b0, C4<0>, C4<0>, C4<0>;
L_0x600001dec690 .functor NOT 1, L_0x600001dec620, C4<0>, C4<0>, C4<0>;
L_0x600001dec700 .functor NOT 1, L_0x600001dec690, C4<0>, C4<0>, C4<0>;
L_0x600001dec770 .functor NOT 1, L_0x600001dec700, C4<0>, C4<0>, C4<0>;
L_0x600001dec7e0 .functor NOT 1, L_0x600001dec770, C4<0>, C4<0>, C4<0>;
L_0x600001dec850 .functor NOT 1, L_0x600001dec7e0, C4<0>, C4<0>, C4<0>;
L_0x600001dec8c0 .functor NOT 1, L_0x600001dec850, C4<0>, C4<0>, C4<0>;
L_0x600001dec930 .functor NOT 1, L_0x600001dec8c0, C4<0>, C4<0>, C4<0>;
L_0x600001dec9a0 .functor NOT 1, L_0x600001dec930, C4<0>, C4<0>, C4<0>;
L_0x600001deca10 .functor NOT 1, L_0x600001dec9a0, C4<0>, C4<0>, C4<0>;
L_0x600001deca80 .functor NOT 1, L_0x600001deca10, C4<0>, C4<0>, C4<0>;
L_0x600001decaf0 .functor NOT 1, L_0x600001deca80, C4<0>, C4<0>, C4<0>;
L_0x600001decb60 .functor NOT 1, L_0x600001decaf0, C4<0>, C4<0>, C4<0>;
v0x6000004eaf40_0 .net "a", 0 0, o0x7fe30f836418;  0 drivers
v0x6000004eafd0_0 .net "a00", 0 0, L_0x600001dff790;  1 drivers
v0x6000004eb060_0 .net "a01", 0 0, L_0x600001dff800;  1 drivers
v0x6000004eb0f0_0 .net "a02", 0 0, L_0x600001dff870;  1 drivers
v0x6000004eb180_0 .net "a03", 0 0, L_0x600001dff8e0;  1 drivers
v0x6000004eb210_0 .net "a04", 0 0, L_0x600001dff950;  1 drivers
v0x6000004eb2a0_0 .net "a05", 0 0, L_0x600001dff9c0;  1 drivers
v0x6000004eb330_0 .net "a06", 0 0, L_0x600001dffa30;  1 drivers
v0x6000004eb3c0_0 .net "a07", 0 0, L_0x600001dffaa0;  1 drivers
v0x6000004eb450_0 .net "a08", 0 0, L_0x600001dffb10;  1 drivers
v0x6000004eb4e0_0 .net "a10", 0 0, L_0x600001dffb80;  1 drivers
v0x6000004eb570_0 .net "a11", 0 0, L_0x600001dffbf0;  1 drivers
v0x6000004eb600_0 .net "a12", 0 0, L_0x600001dffc60;  1 drivers
v0x6000004eb690_0 .net "a13", 0 0, L_0x600001dffcd0;  1 drivers
v0x6000004eb720_0 .net "a14", 0 0, L_0x600001dffdb0;  1 drivers
v0x6000004eb7b0_0 .net "a15", 0 0, L_0x600001dffe20;  1 drivers
v0x6000004eb840_0 .net "a16", 0 0, L_0x600001dffd40;  1 drivers
v0x6000004eb8d0_0 .net "a17", 0 0, L_0x600001dffe90;  1 drivers
v0x6000004eb960_0 .net "a18", 0 0, L_0x600001dfff00;  1 drivers
v0x6000004eb9f0_0 .net "a20", 0 0, L_0x600001dfff70;  1 drivers
v0x6000004eba80_0 .net "a21", 0 0, L_0x600001dec000;  1 drivers
v0x6000004ebb10_0 .net "a22", 0 0, L_0x600001dec070;  1 drivers
v0x6000004ebba0_0 .net "a23", 0 0, L_0x600001dec0e0;  1 drivers
v0x6000004ebc30_0 .net "a24", 0 0, L_0x600001dec150;  1 drivers
v0x6000004ebcc0_0 .net "a25", 0 0, L_0x600001dec1c0;  1 drivers
v0x6000004ebd50_0 .net "a26", 0 0, L_0x600001dec230;  1 drivers
v0x6000004ebde0_0 .net "a27", 0 0, L_0x600001dec2a0;  1 drivers
v0x6000004ebe70_0 .net "a28", 0 0, L_0x600001dec310;  1 drivers
v0x6000004ebf00_0 .net "a30", 0 0, L_0x600001dec380;  1 drivers
v0x6000004e4000_0 .net "a31", 0 0, L_0x600001dec3f0;  1 drivers
v0x6000004e4090_0 .net "a32", 0 0, L_0x600001dec460;  1 drivers
v0x6000004e4120_0 .net "a33", 0 0, L_0x600001dec4d0;  1 drivers
v0x6000004e41b0_0 .net "a34", 0 0, L_0x600001dec540;  1 drivers
v0x6000004e4240_0 .net "a35", 0 0, L_0x600001dec5b0;  1 drivers
v0x6000004e42d0_0 .net "a36", 0 0, L_0x600001dec620;  1 drivers
v0x6000004e4360_0 .net "a37", 0 0, L_0x600001dec690;  1 drivers
v0x6000004e43f0_0 .net "a38", 0 0, L_0x600001dec700;  1 drivers
v0x6000004e4480_0 .net "a40", 0 0, L_0x600001dec770;  1 drivers
v0x6000004e4510_0 .net "a41", 0 0, L_0x600001dec7e0;  1 drivers
v0x6000004e45a0_0 .net "a42", 0 0, L_0x600001dec850;  1 drivers
v0x6000004e4630_0 .net "a43", 0 0, L_0x600001dec8c0;  1 drivers
v0x6000004e46c0_0 .net "a44", 0 0, L_0x600001dec930;  1 drivers
v0x6000004e4750_0 .net "a45", 0 0, L_0x600001dec9a0;  1 drivers
v0x6000004e47e0_0 .net "a46", 0 0, L_0x600001deca10;  1 drivers
v0x6000004e4870_0 .net "a47", 0 0, L_0x600001deca80;  1 drivers
v0x6000004e4900_0 .net "a48", 0 0, L_0x600001decaf0;  1 drivers
v0x6000004e4990_0 .net "q", 0 0, L_0x600001decb60;  1 drivers
    .scope S_0x7fe30fa09530;
T_0 ;
    %wait E_0x6000023fbac0;
    %vpi_call/w 3 282 "$display", "mod %0t \011 %d \011 %d \011 %d", $time, v0x6000004f6b50_0, v0x6000004f6be0_0, v0x6000004f6c70_0 {0 0 0};
    %jmp T_0;
    .thread T_0, $push;
    .scope S_0x7fe30ef07600;
T_1 ;
    %wait E_0x6000023fdec0;
    %vpi_call/w 3 282 "$display", "mod %0t \011 %d \011 %d \011 %d", $time, v0x6000004ea880_0, v0x6000004ea910_0, v0x6000004ea9a0_0 {0 0 0};
    %jmp T_1;
    .thread T_1, $push;
    .scope S_0x7fe30fa090e0;
T_2 ;
    %pushi/vec4 0, 0, 2;
    %store/vec4 v0x6000004eabe0_0, 0, 2;
    %pushi/vec4 0, 0, 1;
    %store/vec4 v0x6000004ead90_0, 0, 1;
    %pushi/vec4 0, 0, 3;
    %store/vec4 v0x6000004eac70_0, 0, 3;
    %end;
    .thread T_2, $init;
    .scope S_0x7fe30fa090e0;
T_3 ;
    %delay 100, 0;
    %pushi/vec4 1, 0, 1;
    %store/vec4 v0x6000004ead90_0, 0, 1;
    %delay 100, 0;
    %pushi/vec4 0, 0, 1;
    %store/vec4 v0x6000004ead90_0, 0, 1;
    %delay 100, 0;
    %pushi/vec4 1, 0, 1;
    %store/vec4 v0x6000004ead90_0, 0, 1;
    %delay 100, 0;
    %pushi/vec4 0, 0, 1;
    %store/vec4 v0x6000004ead90_0, 0, 1;
    %end;
    .thread T_3;
    .scope S_0x7fe30fa090e0;
T_4 ;
    %vpi_call/w 3 651 "$display", "time \011 sync \011 cmd \011 next_idx" {0 0 0};
    %end;
    .thread T_4;
    .scope S_0x7fe30fa090e0;
T_5 ;
    %wait E_0x6000023fde80;
    %vpi_call/w 3 653 "$display", "%0t \011 %b \011 %d \011 %d", $time, v0x6000004ead90_0, v0x6000004eabe0_0, v0x6000004ead00_0 {0 0 0};
    %jmp T_5;
    .thread T_5, $push;
    .scope S_0x7fe30fa09250;
T_6 ;
    %wait E_0x6000023fdf40;
    %load/vec4 v0x6000004eae20_0;
    %dup/vec4;
    %pushi/vec4 0, 0, 4;
    %cmp/u;
    %jmp/1 T_6.0, 6;
    %dup/vec4;
    %pushi/vec4 1, 0, 4;
    %cmp/u;
    %jmp/1 T_6.1, 6;
    %dup/vec4;
    %pushi/vec4 2, 0, 4;
    %cmp/u;
    %jmp/1 T_6.2, 6;
    %dup/vec4;
    %pushi/vec4 3, 0, 4;
    %cmp/u;
    %jmp/1 T_6.3, 6;
    %dup/vec4;
    %pushi/vec4 4, 0, 4;
    %cmp/u;
    %jmp/1 T_6.4, 6;
    %dup/vec4;
    %pushi/vec4 5, 0, 4;
    %cmp/u;
    %jmp/1 T_6.5, 6;
    %dup/vec4;
    %pushi/vec4 6, 0, 4;
    %cmp/u;
    %jmp/1 T_6.6, 6;
    %dup/vec4;
    %pushi/vec4 7, 0, 4;
    %cmp/u;
    %jmp/1 T_6.7, 6;
    %dup/vec4;
    %pushi/vec4 8, 0, 4;
    %cmp/u;
    %jmp/1 T_6.8, 6;
    %dup/vec4;
    %pushi/vec4 9, 0, 4;
    %cmp/u;
    %jmp/1 T_6.9, 6;
    %dup/vec4;
    %pushi/vec4 10, 0, 4;
    %cmp/u;
    %jmp/1 T_6.10, 6;
    %dup/vec4;
    %pushi/vec4 11, 0, 4;
    %cmp/u;
    %jmp/1 T_6.11, 6;
    %dup/vec4;
    %pushi/vec4 12, 0, 4;
    %cmp/u;
    %jmp/1 T_6.12, 6;
    %dup/vec4;
    %pushi/vec4 13, 0, 4;
    %cmp/u;
    %jmp/1 T_6.13, 6;
    %dup/vec4;
    %pushi/vec4 14, 0, 4;
    %cmp/u;
    %jmp/1 T_6.14, 6;
    %dup/vec4;
    %pushi/vec4 15, 0, 4;
    %cmp/u;
    %jmp/1 T_6.15, 6;
    %jmp T_6.16;
T_6.0 ;
    %pushi/vec4 0, 0, 3;
    %store/vec4 v0x6000004eaeb0_0, 0, 3;
    %jmp T_6.16;
T_6.1 ;
    %pushi/vec4 1, 0, 3;
    %store/vec4 v0x6000004eaeb0_0, 0, 3;
    %jmp T_6.16;
T_6.2 ;
    %pushi/vec4 2, 0, 3;
    %store/vec4 v0x6000004eaeb0_0, 0, 3;
    %jmp T_6.16;
T_6.3 ;
    %pushi/vec4 3, 0, 3;
    %store/vec4 v0x6000004eaeb0_0, 0, 3;
    %jmp T_6.16;
T_6.4 ;
    %pushi/vec4 4, 0, 3;
    %store/vec4 v0x6000004eaeb0_0, 0, 3;
    %jmp T_6.16;
T_6.5 ;
    %pushi/vec4 0, 0, 3;
    %store/vec4 v0x6000004eaeb0_0, 0, 3;
    %jmp T_6.16;
T_6.6 ;
    %pushi/vec4 1, 0, 3;
    %store/vec4 v0x6000004eaeb0_0, 0, 3;
    %jmp T_6.16;
T_6.7 ;
    %pushi/vec4 2, 0, 3;
    %store/vec4 v0x6000004eaeb0_0, 0, 3;
    %jmp T_6.16;
T_6.8 ;
    %pushi/vec4 3, 0, 3;
    %store/vec4 v0x6000004eaeb0_0, 0, 3;
    %jmp T_6.16;
T_6.9 ;
    %pushi/vec4 4, 0, 3;
    %store/vec4 v0x6000004eaeb0_0, 0, 3;
    %jmp T_6.16;
T_6.10 ;
    %pushi/vec4 0, 0, 3;
    %store/vec4 v0x6000004eaeb0_0, 0, 3;
    %jmp T_6.16;
T_6.11 ;
    %pushi/vec4 1, 0, 3;
    %store/vec4 v0x6000004eaeb0_0, 0, 3;
    %jmp T_6.16;
T_6.12 ;
    %pushi/vec4 2, 0, 3;
    %store/vec4 v0x6000004eaeb0_0, 0, 3;
    %jmp T_6.16;
T_6.13 ;
    %pushi/vec4 3, 0, 3;
    %store/vec4 v0x6000004eaeb0_0, 0, 3;
    %jmp T_6.16;
T_6.14 ;
    %pushi/vec4 4, 0, 3;
    %store/vec4 v0x6000004eaeb0_0, 0, 3;
    %jmp T_6.16;
T_6.15 ;
    %pushi/vec4 0, 0, 3;
    %store/vec4 v0x6000004eaeb0_0, 0, 3;
    %jmp T_6.16;
T_6.16 ;
    %pop/vec4 1;
    %jmp T_6;
    .thread T_6, $push;
# The file index is used to find the file name in the following table.
:file_names 4;
    "N/A";
    "<interactive>";
    "-";
    "main_copy.sv";
