#! /usr/local/Cellar/icarus-verilog/12.0/bin/vvp
:ivl_version "12.0 (stable)";
:ivl_delay_selection "TYPICAL";
:vpi_time_precision + 0;
:vpi_module "/usr/local/Cellar/icarus-verilog/12.0/lib/ivl/system.vpi";
:vpi_module "/usr/local/Cellar/icarus-verilog/12.0/lib/ivl/vhdl_sys.vpi";
:vpi_module "/usr/local/Cellar/icarus-verilog/12.0/lib/ivl/vhdl_textio.vpi";
:vpi_module "/usr/local/Cellar/icarus-verilog/12.0/lib/ivl/v2005_math.vpi";
:vpi_module "/usr/local/Cellar/icarus-verilog/12.0/lib/ivl/va_math.vpi";
:vpi_module "/usr/local/Cellar/icarus-verilog/12.0/lib/ivl/v2009.vpi";
S_0x7fd12c904540 .scope package, "$unit" "$unit" 2 1;
 .timescale 0 0;
S_0x7fd12c905090 .scope module, "main" "main" 3 1;
 .timescale 0 0;
L_0x600002cf83f0 .functor AND 1, v0x6000035fc120_0, v0x6000035fc240_0, C4<1>, C4<1>;
v0x6000035fc120_0 .var "d", 0 0;
v0x6000035fc1b0_0 .net "x", 0 0, L_0x600002cf83f0;  1 drivers
v0x6000035fc240_0 .var "z", 0 0;
E_0x6000012f9180 .event anyedge, v0x6000035fc1b0_0;
    .scope S_0x7fd12c905090;
T_0 ;
    %pushi/vec4 0, 0, 1;
    %store/vec4 v0x6000035fc240_0, 0, 1;
    %pushi/vec4 1, 0, 1;
    %store/vec4 v0x6000035fc120_0, 0, 1;
    %end;
    .thread T_0, $init;
    .scope S_0x7fd12c905090;
T_1 ;
    %delay 100, 0;
    %pushi/vec4 0, 1, 1;
    %store/vec4 v0x6000035fc240_0, 0, 1;
    %delay 100, 0;
    %pushi/vec4 1, 0, 1;
    %store/vec4 v0x6000035fc120_0, 0, 1;
    %end;
    .thread T_1;
    .scope S_0x7fd12c905090;
T_2 ;
    %wait E_0x6000012f9180;
    %vpi_call/w 3 14 "$display", "%0t \011 %d", $time, v0x6000035fc1b0_0 {0 0 0};
    %jmp T_2;
    .thread T_2, $push;
# The file index is used to find the file name in the following table.
:file_names 4;
    "N/A";
    "<interactive>";
    "-";
    "trash.sv";
